This file contains any messages produced by compilers while
running configure, to aid debugging if configure makes a mistake.

It was created by yazpp configure 1.6.0, which was
generated by GNU Autoconf 2.69.  Invocation command line was

  $ ./configure 

## --------- ##
## Platform. ##
## --------- ##

hostname = mbpro13.home
uname -m = x86_64
uname -r = 14.0.0
uname -s = Darwin
uname -v = Darwin Kernel Version 14.0.0: Sat Aug  9 00:14:02 PDT 2014; root:xnu-2782.1.80~2/RELEASE_X86_64

/usr/bin/uname -p = i386
/bin/uname -X     = unknown

/bin/arch              = unknown
/usr/bin/arch -k       = unknown
/usr/convex/getsysinfo = unknown
/usr/bin/hostinfo      = Mach kernel version:
	 Darwin Kernel Version 14.0.0: Sat Aug  9 00:14:02 PDT 2014; root:xnu-2782.1.80~2/RELEASE_X86_64
Kernel configured for up to 4 processors.
2 processors are physically available.
4 processors are logically available.
Processor type: x86_64h (Intel x86-64h Haswell)
Processors active: 0 1 2 3
Primary memory available: 8.00 gigabytes
Default processor set: 277 tasks, 1284 threads, 4 processors
Load average: 5.59, Mach factor: 0.45
/bin/machine           = unknown
/usr/bin/oslevel       = unknown
/bin/universe          = unknown

PATH: /usr/local/heroku/bin
PATH: /Users/mz2/Projects/manuscripts/External/Feather/Extras
PATH: /usr/local/texlive/2013/bin/x86_64-darwin
PATH: /Users/mz2/Projects/external/xctool
PATH: /Users/mz2/Projects/Manuscripts/External/jsbindings
PATH: /Applications/Manuscripts.app/Contents/MacOS
PATH: /Users/mz2/Projects/Manuscripts/Extras
PATH: /Users/mz2/Projects/Manuscripts/Manuscript.io
PATH: /Users/mz2/bin
PATH: /Users/mz2/Library/Haskell/bin
PATH: /Users/mz2/.nvm/v0.10.24/bin
PATH: /Users/mz2/Projects/meteor
PATH: /Users/mz2/Applications/Manuscripts.app/Contents/MacOS
PATH: /usr/local/bin
PATH: /Users/mz2/bin
PATH: /Users/mz2/Projects/p2/Extras
PATH: /Users/mz2/Projects/p2/Extras/node
PATH: /usr/bin
PATH: /bin
PATH: /usr/sbin
PATH: /sbin
PATH: /usr/X11/bin


## ----------- ##
## Core tests. ##
## ----------- ##

configure:2413: checking for a BSD-compatible install
configure:2481: result: /usr/bin/install -c
configure:2492: checking whether build environment is sane
configure:2547: result: yes
configure:2698: checking for a thread-safe mkdir -p
configure:2737: result: config/install-sh -c -d
configure:2744: checking for gawk
configure:2774: result: no
configure:2744: checking for mawk
configure:2774: result: no
configure:2744: checking for nawk
configure:2774: result: no
configure:2744: checking for awk
configure:2760: found /usr/bin/awk
configure:2771: result: awk
configure:2782: checking whether make sets $(MAKE)
configure:2804: result: yes
configure:2833: checking whether make supports nested variables
configure:2850: result: yes
configure:3025: checking for gcc
configure:3041: found /usr/bin/gcc
configure:3052: result: gcc
configure:3281: checking for C compiler version
configure:3290: gcc --version >&5
Apple LLVM version 5.1 (clang-503.0.40) (based on LLVM 3.4svn)
Target: x86_64-apple-darwin14.0.0
Thread model: posix
Configured with: --prefix=/Applications/Xcode.app/Contents/Developer/usr --with-gxx-include-dir=/usr/include/c++/4.2.1
configure:3301: $? = 0
configure:3290: gcc -v >&5
Configured with: --prefix=/Applications/Xcode.app/Contents/Developer/usr --with-gxx-include-dir=/usr/include/c++/4.2.1
Apple LLVM version 5.1 (clang-503.0.40) (based on LLVM 3.4svn)
Target: x86_64-apple-darwin14.0.0
Thread model: posix
configure:3301: $? = 0
configure:3290: gcc -V >&5
clang: error: argument to '-V' is missing (expected 1 value)
clang: error: no input files
configure:3301: $? = 1
configure:3290: gcc -qversion >&5
clang: error: unknown argument: '-qversion' [-Wunused-command-line-argument-hard-error-in-future]
clang: note: this will be a hard error (cannot be downgraded to a warning) in the future
clang: error: no input files
configure:3301: $? = 1
configure:3321: checking whether the C compiler works
configure:3343: gcc    conftest.c  >&5
configure:3347: $? = 0
configure:3395: result: yes
configure:3398: checking for C compiler default output file name
configure:3400: result: a.out
configure:3406: checking for suffix of executables
configure:3413: gcc -o conftest    conftest.c  >&5
configure:3417: $? = 0
configure:3439: result: 
configure:3461: checking whether we are cross compiling
configure:3469: gcc -o conftest    conftest.c  >&5
configure:3473: $? = 0
configure:3480: ./conftest
configure:3484: $? = 0
configure:3499: result: no
configure:3504: checking for suffix of object files
configure:3526: gcc -c   conftest.c >&5
configure:3530: $? = 0
configure:3551: result: o
configure:3555: checking whether we are using the GNU C compiler
configure:3574: gcc -c   conftest.c >&5
configure:3574: $? = 0
configure:3583: result: yes
configure:3592: checking whether gcc accepts -g
configure:3612: gcc -c -g  conftest.c >&5
configure:3612: $? = 0
configure:3653: result: yes
configure:3670: checking for gcc option to accept ISO C89
configure:3733: gcc  -c -g -O2  conftest.c >&5
configure:3733: $? = 0
configure:3746: result: none needed
configure:3771: checking whether gcc understands -c and -o together
configure:3793: gcc -c conftest.c -o conftest2.o
configure:3796: $? = 0
configure:3793: gcc -c conftest.c -o conftest2.o
configure:3796: $? = 0
configure:3808: result: yes
configure:3836: checking for style of include used by make
configure:3864: result: GNU
configure:3890: checking dependency style of gcc
configure:4001: result: gcc3
configure:4021: checking how to run the C preprocessor
configure:4052: gcc -E  conftest.c
configure:4052: $? = 0
configure:4066: gcc -E  conftest.c
conftest.c:11:10: fatal error: 'ac_nonexistent.h' file not found
#include <ac_nonexistent.h>
         ^
1 error generated.
configure:4066: $? = 1
configure: failed program was:
| /* confdefs.h */
| #define PACKAGE_NAME "yazpp"
| #define PACKAGE_TARNAME "yazpp"
| #define PACKAGE_VERSION "1.6.0"
| #define PACKAGE_STRING "yazpp 1.6.0"
| #define PACKAGE_BUGREPORT "adam@indexdata.dk"
| #define PACKAGE_URL ""
| #define PACKAGE "yazpp"
| #define VERSION "1.6.0"
| /* end confdefs.h.  */
| #include <ac_nonexistent.h>
configure:4091: result: gcc -E
configure:4111: gcc -E  conftest.c
configure:4111: $? = 0
configure:4125: gcc -E  conftest.c
conftest.c:11:10: fatal error: 'ac_nonexistent.h' file not found
#include <ac_nonexistent.h>
         ^
1 error generated.
configure:4125: $? = 1
configure: failed program was:
| /* confdefs.h */
| #define PACKAGE_NAME "yazpp"
| #define PACKAGE_TARNAME "yazpp"
| #define PACKAGE_VERSION "1.6.0"
| #define PACKAGE_STRING "yazpp 1.6.0"
| #define PACKAGE_BUGREPORT "adam@indexdata.dk"
| #define PACKAGE_URL ""
| #define PACKAGE "yazpp"
| #define VERSION "1.6.0"
| /* end confdefs.h.  */
| #include <ac_nonexistent.h>
configure:4211: checking for g++
configure:4227: found /usr/bin/g++
configure:4238: result: g++
configure:4265: checking for C++ compiler version
configure:4274: g++ --version >&5
Apple LLVM version 5.1 (clang-503.0.40) (based on LLVM 3.4svn)
Target: x86_64-apple-darwin14.0.0
Thread model: posix
Configured with: --prefix=/Applications/Xcode.app/Contents/Developer/usr --with-gxx-include-dir=/usr/include/c++/4.2.1
configure:4285: $? = 0
configure:4274: g++ -v >&5
Configured with: --prefix=/Applications/Xcode.app/Contents/Developer/usr --with-gxx-include-dir=/usr/include/c++/4.2.1
Apple LLVM version 5.1 (clang-503.0.40) (based on LLVM 3.4svn)
Target: x86_64-apple-darwin14.0.0
Thread model: posix
configure:4285: $? = 0
configure:4274: g++ -V >&5
clang: error: argument to '-V' is missing (expected 1 value)
clang: error: no input files
configure:4285: $? = 1
configure:4274: g++ -qversion >&5
clang: error: unknown argument: '-qversion' [-Wunused-command-line-argument-hard-error-in-future]
clang: note: this will be a hard error (cannot be downgraded to a warning) in the future
clang: error: no input files
configure:4285: $? = 1
configure:4289: checking whether we are using the GNU C++ compiler
configure:4308: g++ -c   conftest.cpp >&5
configure:4308: $? = 0
configure:4317: result: yes
configure:4326: checking whether g++ accepts -g
configure:4346: g++ -c -g  conftest.cpp >&5
configure:4346: $? = 0
configure:4387: result: yes
configure:4412: checking dependency style of g++
configure:4523: result: gcc3
configure:4540: checking for grep that handles long lines and -e
configure:4598: result: /usr/bin/grep
configure:4603: checking for egrep
configure:4665: result: /usr/bin/grep -E
configure:4670: checking for ANSI C header files
configure:4690: gcc -c -g -O2  conftest.c >&5
configure:4690: $? = 0
configure:4763: gcc -o conftest -g -O2   conftest.c  >&5
configure:4763: $? = 0
configure:4763: ./conftest
configure:4763: $? = 0
configure:4774: result: yes
configure:4811: checking build system type
configure:4825: result: x86_64-apple-darwin14.0.0
configure:4845: checking host system type
configure:4858: result: x86_64-apple-darwin14.0.0
configure:4899: checking how to print strings
configure:4926: result: printf
configure:4947: checking for a sed that does not truncate output
configure:5011: result: /usr/bin/sed
configure:5029: checking for fgrep
configure:5091: result: /usr/bin/grep -F
configure:5126: checking for ld used by gcc
configure:5193: result: /Applications/Xcode.app/Contents/Developer/Toolchains/XcodeDefault.xctoolchain/usr/bin/ld
configure:5200: checking if the linker (/Applications/Xcode.app/Contents/Developer/Toolchains/XcodeDefault.xctoolchain/usr/bin/ld) is GNU ld
configure:5215: result: no
configure:5227: checking for BSD- or MS-compatible name lister (nm)
configure:5276: result: /usr/bin/nm
configure:5406: checking the name lister (/usr/bin/nm) interface
configure:5413: gcc -c -g -O2  conftest.c >&5
configure:5416: /usr/bin/nm "conftest.o"
configure:5419: output
0000000000000244 S _some_variable
configure:5426: result: BSD nm
configure:5429: checking whether ln -s works
configure:5433: result: yes
configure:5441: checking the maximum length of command line arguments
configure:5572: result: 196608
configure:5589: checking whether the shell understands some XSI constructs
configure:5599: result: yes
configure:5603: checking whether the shell understands "+="
configure:5609: result: yes
configure:5644: checking how to convert x86_64-apple-darwin14.0.0 file names to x86_64-apple-darwin14.0.0 format
configure:5684: result: func_convert_file_noop
configure:5691: checking how to convert x86_64-apple-darwin14.0.0 file names to toolchain format
configure:5711: result: func_convert_file_noop
configure:5718: checking for /Applications/Xcode.app/Contents/Developer/Toolchains/XcodeDefault.xctoolchain/usr/bin/ld option to reload object files
configure:5725: result: -r
configure:5799: checking for objdump
configure:5829: result: no
configure:5858: checking how to recognize dependent libraries
configure:6056: result: pass_all
configure:6141: checking for dlltool
configure:6171: result: no
configure:6201: checking how to associate runtime and link libraries
configure:6228: result: printf %s\n
configure:6288: checking for ar
configure:6304: found /usr/bin/ar
configure:6315: result: ar
configure:6352: checking for archiver @FILE support
configure:6369: gcc -c -g -O2  conftest.c >&5
configure:6369: $? = 0
configure:6372: ar cru libconftest.a @conftest.lst >&5
ar: @conftest.lst: No such file or directory
configure:6375: $? = 1
configure:6395: result: no
configure:6453: checking for strip
configure:6469: found /usr/bin/strip
configure:6480: result: strip
configure:6552: checking for ranlib
configure:6568: found /usr/bin/ranlib
configure:6579: result: ranlib
configure:6681: checking command to parse /usr/bin/nm output from gcc object
configure:6801: gcc -c -g -O2  conftest.c >&5
configure:6804: $? = 0
configure:6808: /usr/bin/nm conftest.o \| sed -n -e 's/^.*[ ]\([BCDEGRST][BCDEGRST]*\)[ ][ ]*\([_A-Za-z][_A-Za-z0-9]*\)$/\1 \2 \2/p' | sed '/ __gnu_lto/d' \> conftest.nm
configure:6811: $? = 0
cannot find nm_test_var in conftest.nm
configure:6801: gcc -c -g -O2  conftest.c >&5
configure:6804: $? = 0
configure:6808: /usr/bin/nm conftest.o \| sed -n -e 's/^.*[ ]\([BCDEGRST][BCDEGRST]*\)[ ][ ]*_\([_A-Za-z][_A-Za-z0-9]*\)$/\1 _\2 \2/p' | sed '/ __gnu_lto/d' \> conftest.nm
configure:6811: $? = 0
configure:6877: gcc -o conftest -g -O2   conftest.c conftstm.o >&5
configure:6880: $? = 0
configure:6918: result: ok
configure:6955: checking for sysroot
configure:6985: result: no
configure:7254: checking for mt
configure:7284: result: no
configure:7304: checking if : is a manifest tool
configure:7310: : '-?'
configure:7318: result: no
configure:7374: checking for dsymutil
configure:7390: found /usr/bin/dsymutil
configure:7401: result: dsymutil
configure:7466: checking for nmedit
configure:7482: found /usr/bin/nmedit
configure:7493: result: nmedit
configure:7558: checking for lipo
configure:7574: found /usr/bin/lipo
configure:7585: result: lipo
configure:7650: checking for otool
configure:7666: found /usr/bin/otool
configure:7677: result: otool
configure:7742: checking for otool64
configure:7772: result: no
configure:7817: checking for -single_module linker flag
gcc -g -O2  -o libconftest.dylib -dynamiclib -Wl,-single_module conftest.c
configure:7850: result: yes
configure:7853: checking for -exported_symbols_list linker flag
configure:7873: gcc -o conftest -g -O2   -Wl,-exported_symbols_list,conftest.sym conftest.c  >&5
configure:7873: $? = 0
configure:7883: result: yes
configure:7886: checking for -force_load linker flag
gcc -g -O2 -c -o conftest.o conftest.c
ar cru libconftest.a conftest.o
ranlib libconftest.a
gcc -g -O2  -o conftest conftest.c -Wl,-force_load,./libconftest.a
configure:7918: result: yes
configure:7960: checking for sys/types.h
configure:7960: gcc -c -g -O2  conftest.c >&5
configure:7960: $? = 0
configure:7960: result: yes
configure:7960: checking for sys/stat.h
configure:7960: gcc -c -g -O2  conftest.c >&5
configure:7960: $? = 0
configure:7960: result: yes
configure:7960: checking for stdlib.h
configure:7960: gcc -c -g -O2  conftest.c >&5
configure:7960: $? = 0
configure:7960: result: yes
configure:7960: checking for string.h
configure:7960: gcc -c -g -O2  conftest.c >&5
configure:7960: $? = 0
configure:7960: result: yes
configure:7960: checking for memory.h
configure:7960: gcc -c -g -O2  conftest.c >&5
configure:7960: $? = 0
configure:7960: result: yes
configure:7960: checking for strings.h
configure:7960: gcc -c -g -O2  conftest.c >&5
configure:7960: $? = 0
configure:7960: result: yes
configure:7960: checking for inttypes.h
configure:7960: gcc -c -g -O2  conftest.c >&5
configure:7960: $? = 0
configure:7960: result: yes
configure:7960: checking for stdint.h
configure:7960: gcc -c -g -O2  conftest.c >&5
configure:7960: $? = 0
configure:7960: result: yes
configure:7960: checking for unistd.h
configure:7960: gcc -c -g -O2  conftest.c >&5
configure:7960: $? = 0
configure:7960: result: yes
configure:7974: checking for dlfcn.h
configure:7974: gcc -c -g -O2  conftest.c >&5
configure:7974: $? = 0
configure:7974: result: yes
configure:8191: checking for objdir
configure:8206: result: .libs
configure:8477: checking if gcc supports -fno-rtti -fno-exceptions
configure:8495: gcc -c -g -O2  -fno-rtti -fno-exceptions conftest.c >&5
configure:8499: $? = 0
configure:8512: result: yes
configure:8839: checking for gcc option to produce PIC
configure:8846: result: -fno-common -DPIC
configure:8854: checking if gcc PIC flag -fno-common -DPIC works
configure:8872: gcc -c -g -O2  -fno-common -DPIC -DPIC conftest.c >&5
configure:8876: $? = 0
configure:8889: result: yes
configure:8918: checking if gcc static flag -static works
configure:8946: result: no
configure:8961: checking if gcc supports -c -o file.o
configure:8982: gcc -c -g -O2  -o out/conftest2.o conftest.c >&5
configure:8986: $? = 0
configure:9008: result: yes
configure:9016: checking if gcc supports -c -o file.o
configure:9063: result: yes
configure:9096: checking whether the gcc linker (/Applications/Xcode.app/Contents/Developer/Toolchains/XcodeDefault.xctoolchain/usr/bin/ld) supports shared libraries
configure:10253: result: yes
configure:10493: checking dynamic linker characteristics
configure:11227: result: darwin14.0.0 dyld
configure:11334: checking how to hardcode library paths into programs
configure:11359: result: immediate
configure:11899: checking whether stripping libraries is possible
configure:11913: result: yes
configure:11939: checking if libtool supports shared libraries
configure:11941: result: yes
configure:11944: checking whether to build shared libraries
configure:11965: result: yes
configure:11968: checking whether to build static libraries
configure:11972: result: yes
configure:11995: checking how to run the C++ preprocessor
configure:12022: g++ -E  conftest.cpp
configure:12022: $? = 0
configure:12036: g++ -E  conftest.cpp
conftest.cpp:23:10: fatal error: 'ac_nonexistent.h' file not found
#include <ac_nonexistent.h>
         ^
1 error generated.
configure:12036: $? = 1
configure: failed program was:
| /* confdefs.h */
| #define PACKAGE_NAME "yazpp"
| #define PACKAGE_TARNAME "yazpp"
| #define PACKAGE_VERSION "1.6.0"
| #define PACKAGE_STRING "yazpp 1.6.0"
| #define PACKAGE_BUGREPORT "adam@indexdata.dk"
| #define PACKAGE_URL ""
| #define PACKAGE "yazpp"
| #define VERSION "1.6.0"
| #define STDC_HEADERS 1
| #define HAVE_SYS_TYPES_H 1
| #define HAVE_SYS_STAT_H 1
| #define HAVE_STDLIB_H 1
| #define HAVE_STRING_H 1
| #define HAVE_MEMORY_H 1
| #define HAVE_STRINGS_H 1
| #define HAVE_INTTYPES_H 1
| #define HAVE_STDINT_H 1
| #define HAVE_UNISTD_H 1
| #define HAVE_DLFCN_H 1
| #define LT_OBJDIR ".libs/"
| /* end confdefs.h.  */
| #include <ac_nonexistent.h>
configure:12061: result: g++ -E
configure:12081: g++ -E  conftest.cpp
configure:12081: $? = 0
configure:12095: g++ -E  conftest.cpp
conftest.cpp:23:10: fatal error: 'ac_nonexistent.h' file not found
#include <ac_nonexistent.h>
         ^
1 error generated.
configure:12095: $? = 1
configure: failed program was:
| /* confdefs.h */
| #define PACKAGE_NAME "yazpp"
| #define PACKAGE_TARNAME "yazpp"
| #define PACKAGE_VERSION "1.6.0"
| #define PACKAGE_STRING "yazpp 1.6.0"
| #define PACKAGE_BUGREPORT "adam@indexdata.dk"
| #define PACKAGE_URL ""
| #define PACKAGE "yazpp"
| #define VERSION "1.6.0"
| #define STDC_HEADERS 1
| #define HAVE_SYS_TYPES_H 1
| #define HAVE_SYS_STAT_H 1
| #define HAVE_STDLIB_H 1
| #define HAVE_STRING_H 1
| #define HAVE_MEMORY_H 1
| #define HAVE_STRINGS_H 1
| #define HAVE_INTTYPES_H 1
| #define HAVE_STDINT_H 1
| #define HAVE_UNISTD_H 1
| #define HAVE_DLFCN_H 1
| #define LT_OBJDIR ".libs/"
| /* end confdefs.h.  */
| #include <ac_nonexistent.h>
configure:12264: checking for ld used by g++
configure:12331: result: /Applications/Xcode.app/Contents/Developer/Toolchains/XcodeDefault.xctoolchain/usr/bin/ld
configure:12338: checking if the linker (/Applications/Xcode.app/Contents/Developer/Toolchains/XcodeDefault.xctoolchain/usr/bin/ld) is GNU ld
configure:12353: result: no
configure:12408: checking whether the g++ linker (/Applications/Xcode.app/Contents/Developer/Toolchains/XcodeDefault.xctoolchain/usr/bin/ld) supports shared libraries
configure:13410: result: yes
configure:13446: g++ -c -g -O2  conftest.cpp >&5
configure:13449: $? = 0
configure:13969: checking for g++ option to produce PIC
configure:13976: result: -fno-common -DPIC
configure:13984: checking if g++ PIC flag -fno-common -DPIC works
configure:14002: g++ -c -g -O2  -fno-common -DPIC -DPIC conftest.cpp >&5
configure:14006: $? = 0
configure:14019: result: yes
configure:14042: checking if g++ static flag -static works
configure:14070: result: no
configure:14082: checking if g++ supports -c -o file.o
configure:14103: g++ -c -g -O2  -o out/conftest2.o conftest.cpp >&5
configure:14107: $? = 0
configure:14129: result: yes
configure:14134: checking if g++ supports -c -o file.o
configure:14181: result: yes
configure:14211: checking whether the g++ linker (/Applications/Xcode.app/Contents/Developer/Toolchains/XcodeDefault.xctoolchain/usr/bin/ld) supports shared libraries
configure:14250: result: yes
configure:14391: checking dynamic linker characteristics
configure:15059: result: darwin14.0.0 dyld
configure:15112: checking how to hardcode library paths into programs
configure:15137: result: immediate
configure:15230: checking for yaz-config
configure:15261: result: NONE
configure:15271: checking for YAZ
configure:15287: result: Not found
configure:15306: error: YAZ development libraries missing

## ---------------- ##
## Cache variables. ##
## ---------------- ##

ac_cv_build=x86_64-apple-darwin14.0.0
ac_cv_c_compiler_gnu=yes
ac_cv_cxx_compiler_gnu=yes
ac_cv_env_CCC_set=
ac_cv_env_CCC_value=
ac_cv_env_CC_set=
ac_cv_env_CC_value=
ac_cv_env_CFLAGS_set=
ac_cv_env_CFLAGS_value=
ac_cv_env_CPPFLAGS_set=
ac_cv_env_CPPFLAGS_value=
ac_cv_env_CPP_set=
ac_cv_env_CPP_value=
ac_cv_env_CXXCPP_set=
ac_cv_env_CXXCPP_value=
ac_cv_env_CXXFLAGS_set=
ac_cv_env_CXXFLAGS_value=
ac_cv_env_CXX_set=
ac_cv_env_CXX_value=
ac_cv_env_LDFLAGS_set=
ac_cv_env_LDFLAGS_value=
ac_cv_env_LIBS_set=
ac_cv_env_LIBS_value=
ac_cv_env_build_alias_set=
ac_cv_env_build_alias_value=
ac_cv_env_host_alias_set=
ac_cv_env_host_alias_value=
ac_cv_env_target_alias_set=
ac_cv_env_target_alias_value=
ac_cv_header_dlfcn_h=yes
ac_cv_header_inttypes_h=yes
ac_cv_header_memory_h=yes
ac_cv_header_stdc=yes
ac_cv_header_stdint_h=yes
ac_cv_header_stdlib_h=yes
ac_cv_header_string_h=yes
ac_cv_header_strings_h=yes
ac_cv_header_sys_stat_h=yes
ac_cv_header_sys_types_h=yes
ac_cv_header_unistd_h=yes
ac_cv_host=x86_64-apple-darwin14.0.0
ac_cv_objext=o
ac_cv_path_EGREP='/usr/bin/grep -E'
ac_cv_path_FGREP='/usr/bin/grep -F'
ac_cv_path_GREP=/usr/bin/grep
ac_cv_path_SED=/usr/bin/sed
ac_cv_path_install='/usr/bin/install -c'
ac_cv_path_yazconfig=NONE
ac_cv_prog_AWK=awk
ac_cv_prog_CPP='gcc -E'
ac_cv_prog_CXXCPP='g++ -E'
ac_cv_prog_ac_ct_AR=ar
ac_cv_prog_ac_ct_CC=gcc
ac_cv_prog_ac_ct_CXX=g++
ac_cv_prog_ac_ct_DSYMUTIL=dsymutil
ac_cv_prog_ac_ct_LIPO=lipo
ac_cv_prog_ac_ct_NMEDIT=nmedit
ac_cv_prog_ac_ct_OTOOL=otool
ac_cv_prog_ac_ct_RANLIB=ranlib
ac_cv_prog_ac_ct_STRIP=strip
ac_cv_prog_cc_c89=
ac_cv_prog_cc_g=yes
ac_cv_prog_cxx_g=yes
ac_cv_prog_make_make_set=yes
am_cv_CC_dependencies_compiler_type=gcc3
am_cv_CXX_dependencies_compiler_type=gcc3
am_cv_make_support_nested_variables=yes
am_cv_prog_cc_c_o=yes
lt_cv_apple_cc_single_mod=yes
lt_cv_ar_at_file=no
lt_cv_deplibs_check_method=pass_all
lt_cv_file_magic_cmd='$MAGIC_CMD'
lt_cv_file_magic_test_file=
lt_cv_ld_exported_symbols_list=yes
lt_cv_ld_force_load=yes
lt_cv_ld_reload_flag=-r
lt_cv_nm_interface='BSD nm'
lt_cv_objdir=.libs
lt_cv_path_LD=/Applications/Xcode.app/Contents/Developer/Toolchains/XcodeDefault.xctoolchain/usr/bin/ld
lt_cv_path_LDCXX=/Applications/Xcode.app/Contents/Developer/Toolchains/XcodeDefault.xctoolchain/usr/bin/ld
lt_cv_path_NM=/usr/bin/nm
lt_cv_path_mainfest_tool=no
lt_cv_prog_compiler_c_o=yes
lt_cv_prog_compiler_c_o_CXX=yes
lt_cv_prog_compiler_pic='-fno-common -DPIC'
lt_cv_prog_compiler_pic_CXX='-fno-common -DPIC'
lt_cv_prog_compiler_pic_works=yes
lt_cv_prog_compiler_pic_works_CXX=yes
lt_cv_prog_compiler_rtti_exceptions=yes
lt_cv_prog_compiler_static_works=no
lt_cv_prog_compiler_static_works_CXX=no
lt_cv_prog_gnu_ld=no
lt_cv_prog_gnu_ldcxx=no
lt_cv_sharedlib_from_linklib_cmd='printf %s\n'
lt_cv_sys_global_symbol_pipe='sed -n -e '\''s/^.*[	 ]\([BCDEGRST][BCDEGRST]*\)[	 ][	 ]*_\([_A-Za-z][_A-Za-z0-9]*\)$/\1 _\2 \2/p'\'' | sed '\''/ __gnu_lto/d'\'''
lt_cv_sys_global_symbol_to_c_name_address='sed -n -e '\''s/^: \([^ ]*\)[ ]*$/  {\"\1\", (void *) 0},/p'\'' -e '\''s/^[BCDEGRST]* \([^ ]*\) \([^ ]*\)$/  {"\2", (void *) \&\2},/p'\'''
lt_cv_sys_global_symbol_to_c_name_address_lib_prefix='sed -n -e '\''s/^: \([^ ]*\)[ ]*$/  {\"\1\", (void *) 0},/p'\'' -e '\''s/^[BCDEGRST]* \([^ ]*\) \(lib[^ ]*\)$/  {"\2", (void *) \&\2},/p'\'' -e '\''s/^[BCDEGRST]* \([^ ]*\) \([^ ]*\)$/  {"lib\2", (void *) \&\2},/p'\'''
lt_cv_sys_global_symbol_to_cdecl='sed -n -e '\''s/^T .* \(.*\)$/extern int \1();/p'\'' -e '\''s/^[BCDEGRST]* .* \(.*\)$/extern char \1;/p'\'''
lt_cv_sys_max_cmd_len=196608
lt_cv_to_host_file_cmd=func_convert_file_noop
lt_cv_to_tool_file_cmd=func_convert_file_noop

## ----------------- ##
## Output variables. ##
## ----------------- ##

ACLOCAL='${SHELL} /Users/mz2/Projects/papers-mac/External/MTFoundation/External/yazpp/config/missing aclocal-1.14'
AMDEPBACKSLASH='\'
AMDEP_FALSE='#'
AMDEP_TRUE=''
AMTAR='$${TAR-tar}'
AM_BACKSLASH='\'
AM_DEFAULT_V='$(AM_DEFAULT_VERBOSITY)'
AM_DEFAULT_VERBOSITY='1'
AM_V='$(V)'
AR='ar'
AUTOCONF='${SHELL} /Users/mz2/Projects/papers-mac/External/MTFoundation/External/yazpp/config/missing autoconf'
AUTOHEADER='${SHELL} /Users/mz2/Projects/papers-mac/External/MTFoundation/External/yazpp/config/missing autoheader'
AUTOMAKE='${SHELL} /Users/mz2/Projects/papers-mac/External/MTFoundation/External/yazpp/config/missing automake-1.14'
AWK='awk'
CC='gcc'
CCDEPMODE='depmode=gcc3'
CFLAGS='-g -O2'
CPP='gcc -E'
CPPFLAGS=''
CXX='g++'
CXXCPP='g++ -E'
CXXDEPMODE='depmode=gcc3'
CXXFLAGS='-g -O2'
CYGPATH_W='echo'
DEFS=''
DEPDIR='.deps'
DLLTOOL='false'
DSSSL_DIR=''
DSYMUTIL='dsymutil'
DTD_DIR=''
DUMPBIN=''
ECHO_C='\c'
ECHO_N=''
ECHO_T=''
EGREP='/usr/bin/grep -E'
EXEEXT=''
FGREP='/usr/bin/grep -F'
GREP='/usr/bin/grep'
HTML_COMPILE=''
INSTALL_DATA='${INSTALL} -m 644'
INSTALL_PROGRAM='${INSTALL}'
INSTALL_SCRIPT='${INSTALL}'
INSTALL_STRIP_PROGRAM='$(install_sh) -c -s'
LD='/Applications/Xcode.app/Contents/Developer/Toolchains/XcodeDefault.xctoolchain/usr/bin/ld'
LDFLAGS=''
LIBOBJS=''
LIBS=''
LIBTOOL='$(SHELL) $(top_builddir)/libtool'
LIPO='lipo'
LN_S='ln -s'
LTLIBOBJS=''
MAKEINFO='${SHELL} /Users/mz2/Projects/papers-mac/External/MTFoundation/External/yazpp/config/missing makeinfo'
MANIFEST_TOOL=':'
MAN_COMPILE=''
MKDIR_P='config/install-sh -c -d'
NM='/usr/bin/nm'
NMEDIT='nmedit'
OBJDUMP='false'
OBJEXT='o'
OTOOL64=':'
OTOOL='otool'
PACKAGE='yazpp'
PACKAGE_BUGREPORT='adam@indexdata.dk'
PACKAGE_NAME='yazpp'
PACKAGE_STRING='yazpp 1.6.0'
PACKAGE_TARNAME='yazpp'
PACKAGE_URL=''
PACKAGE_VERSION='1.6.0'
PATH_SEPARATOR=':'
PDF_COMPILE=''
RANLIB='ranlib'
SED='/usr/bin/sed'
SET_MAKE=''
SHELL='/bin/sh'
STRIP='strip'
TKL_COMPILE=''
VERSION='1.6.0'
XSLTPROC_COMPILE=''
XSL_DIR=''
YAZINC=''
YAZLALIB=''
YAZLIB=''
YAZVERSION='NONE'
ZOOM_FALSE=''
ZOOM_TRUE=''
ac_ct_AR='ar'
ac_ct_CC='gcc'
ac_ct_CXX='g++'
ac_ct_DUMPBIN=''
am__EXEEXT_FALSE=''
am__EXEEXT_TRUE=''
am__fastdepCC_FALSE='#'
am__fastdepCC_TRUE=''
am__fastdepCXX_FALSE='#'
am__fastdepCXX_TRUE=''
am__include='include'
am__isrc=''
am__leading_dot='.'
am__nodep='_no'
am__quote=''
am__tar='$${TAR-tar} chof - "$$tardir"'
am__untar='$${TAR-tar} xf -'
bindir='${exec_prefix}/bin'
build='x86_64-apple-darwin14.0.0'
build_alias=''
build_cpu='x86_64'
build_os='darwin14.0.0'
build_vendor='apple'
datadir='${datarootdir}'
datarootdir='${prefix}/share'
docdir='${datarootdir}/doc/${PACKAGE_TARNAME}'
dvidir='${docdir}'
exec_prefix='NONE'
host='x86_64-apple-darwin14.0.0'
host_alias=''
host_cpu='x86_64'
host_os='darwin14.0.0'
host_vendor='apple'
htmldir='${docdir}'
includedir='${prefix}/include'
infodir='${datarootdir}/info'
install_sh='${SHELL} /Users/mz2/Projects/papers-mac/External/MTFoundation/External/yazpp/config/install-sh'
libdir='${exec_prefix}/lib'
libexecdir='${exec_prefix}/libexec'
localedir='${datarootdir}/locale'
localstatedir='${prefix}/var'
mandir='${datarootdir}/man'
mkdir_p='$(MKDIR_P)'
oldincludedir='/usr/include'
pdfdir='${docdir}'
prefix='NONE'
program_transform_name='s,x,x,'
psdir='${docdir}'
sbindir='${exec_prefix}/sbin'
sharedstatedir='${prefix}/com'
sysconfdir='${prefix}/etc'
target_alias=''
yazconfig='NONE'

## ----------- ##
## confdefs.h. ##
## ----------- ##

/* confdefs.h */
#define PACKAGE_NAME "yazpp"
#define PACKAGE_TARNAME "yazpp"
#define PACKAGE_VERSION "1.6.0"
#define PACKAGE_STRING "yazpp 1.6.0"
#define PACKAGE_BUGREPORT "adam@indexdata.dk"
#define PACKAGE_URL ""
#define PACKAGE "yazpp"
#define VERSION "1.6.0"
#define STDC_HEADERS 1
#define HAVE_SYS_TYPES_H 1
#define HAVE_SYS_STAT_H 1
#define HAVE_STDLIB_H 1
#define HAVE_STRING_H 1
#define HAVE_MEMORY_H 1
#define HAVE_STRINGS_H 1
#define HAVE_INTTYPES_H 1
#define HAVE_STDINT_H 1
#define HAVE_UNISTD_H 1
#define HAVE_DLFCN_H 1
#define LT_OBJDIR ".libs/"

configure: exit 1
