This file contains any messages produced by compilers while
running configure, to aid debugging if configure makes a mistake.

It was created by yaz configure 5.4.1, which was
generated by GNU Autoconf 2.69.  Invocation command line was

  $ ./configure 

## --------- ##
## Platform. ##
## --------- ##

hostname = mbpro13.home
uname -m = x86_64
uname -r = 14.0.0
uname -s = Darwin
uname -v = Darwin Kernel Version 14.0.0: Sat Aug  9 00:14:02 PDT 2014; root:xnu-2782.1.80~2/RELEASE_X86_64

/usr/bin/uname -p = i386
/bin/uname -X     = unknown

/bin/arch              = unknown
/usr/bin/arch -k       = unknown
/usr/convex/getsysinfo = unknown
/usr/bin/hostinfo      = Mach kernel version:
	 Darwin Kernel Version 14.0.0: Sat Aug  9 00:14:02 PDT 2014; root:xnu-2782.1.80~2/RELEASE_X86_64
Kernel configured for up to 4 processors.
2 processors are physically available.
4 processors are logically available.
Processor type: x86_64h (Intel x86-64h Haswell)
Processors active: 0 1 2 3
Primary memory available: 8.00 gigabytes
Default processor set: 272 tasks, 1310 threads, 4 processors
Load average: 2.12, Mach factor: 1.87
/bin/machine           = unknown
/usr/bin/oslevel       = unknown
/bin/universe          = unknown

PATH: /usr/local/heroku/bin
PATH: /Users/mz2/Projects/manuscripts/External/Feather/Extras
PATH: /usr/local/texlive/2013/bin/x86_64-darwin
PATH: /Users/mz2/Projects/external/xctool
PATH: /Users/mz2/Projects/Manuscripts/External/jsbindings
PATH: /Applications/Manuscripts.app/Contents/MacOS
PATH: /Users/mz2/Projects/Manuscripts/Extras
PATH: /Users/mz2/Projects/Manuscripts/Manuscript.io
PATH: /Users/mz2/bin
PATH: /Users/mz2/Library/Haskell/bin
PATH: /Users/mz2/.nvm/v0.10.24/bin
PATH: /Users/mz2/Projects/meteor
PATH: /Users/mz2/Applications/Manuscripts.app/Contents/MacOS
PATH: /usr/local/bin
PATH: /Users/mz2/bin
PATH: /Users/mz2/Projects/p2/Extras
PATH: /Users/mz2/Projects/p2/Extras/node
PATH: /usr/bin
PATH: /bin
PATH: /usr/sbin
PATH: /sbin
PATH: /usr/X11/bin


## ----------- ##
## Core tests. ##
## ----------- ##

configure:2369: checking for a BSD-compatible install
configure:2437: result: /usr/bin/install -c
configure:2448: checking whether build environment is sane
configure:2503: result: yes
configure:2654: checking for a thread-safe mkdir -p
configure:2693: result: config/install-sh -c -d
configure:2700: checking for gawk
configure:2730: result: no
configure:2700: checking for mawk
configure:2730: result: no
configure:2700: checking for nawk
configure:2730: result: no
configure:2700: checking for awk
configure:2716: found /usr/bin/awk
configure:2727: result: awk
configure:2738: checking whether make sets $(MAKE)
configure:2760: result: yes
configure:2789: checking whether make supports nested variables
configure:2806: result: yes
configure:2982: checking for gcc
configure:2998: found /usr/bin/gcc
configure:3009: result: gcc
configure:3238: checking for C compiler version
configure:3247: gcc --version >&5
Apple LLVM version 5.1 (clang-503.0.40) (based on LLVM 3.4svn)
Target: x86_64-apple-darwin14.0.0
Thread model: posix
Configured with: --prefix=/Applications/Xcode.app/Contents/Developer/usr --with-gxx-include-dir=/usr/include/c++/4.2.1
configure:3258: $? = 0
configure:3247: gcc -v >&5
Configured with: --prefix=/Applications/Xcode.app/Contents/Developer/usr --with-gxx-include-dir=/usr/include/c++/4.2.1
Apple LLVM version 5.1 (clang-503.0.40) (based on LLVM 3.4svn)
Target: x86_64-apple-darwin14.0.0
Thread model: posix
configure:3258: $? = 0
configure:3247: gcc -V >&5
clang: error: argument to '-V' is missing (expected 1 value)
clang: error: no input files
configure:3258: $? = 1
configure:3247: gcc -qversion >&5
clang: error: unknown argument: '-qversion' [-Wunused-command-line-argument-hard-error-in-future]
clang: note: this will be a hard error (cannot be downgraded to a warning) in the future
clang: error: no input files
configure:3258: $? = 1
configure:3278: checking whether the C compiler works
configure:3300: gcc    conftest.c  >&5
configure:3304: $? = 0
configure:3352: result: yes
configure:3355: checking for C compiler default output file name
configure:3357: result: a.out
configure:3363: checking for suffix of executables
configure:3370: gcc -o conftest    conftest.c  >&5
configure:3374: $? = 0
configure:3396: result: 
configure:3418: checking whether we are cross compiling
configure:3426: gcc -o conftest    conftest.c  >&5
configure:3430: $? = 0
configure:3437: ./conftest
configure:3441: $? = 0
configure:3456: result: no
configure:3461: checking for suffix of object files
configure:3483: gcc -c   conftest.c >&5
configure:3487: $? = 0
configure:3508: result: o
configure:3512: checking whether we are using the GNU C compiler
configure:3531: gcc -c   conftest.c >&5
configure:3531: $? = 0
configure:3540: result: yes
configure:3549: checking whether gcc accepts -g
configure:3569: gcc -c -g  conftest.c >&5
configure:3569: $? = 0
configure:3610: result: yes
configure:3627: checking for gcc option to accept ISO C89
configure:3690: gcc  -c -g -O2  conftest.c >&5
configure:3690: $? = 0
configure:3703: result: none needed
configure:3728: checking whether gcc understands -c and -o together
configure:3750: gcc -c conftest.c -o conftest2.o
configure:3753: $? = 0
configure:3750: gcc -c conftest.c -o conftest2.o
configure:3753: $? = 0
configure:3765: result: yes
configure:3793: checking for style of include used by make
configure:3821: result: GNU
configure:3847: checking dependency style of gcc
configure:3958: result: gcc3
configure:3978: checking how to run the C preprocessor
configure:4009: gcc -E  conftest.c
configure:4009: $? = 0
configure:4023: gcc -E  conftest.c
conftest.c:11:10: fatal error: 'ac_nonexistent.h' file not found
#include <ac_nonexistent.h>
         ^
1 error generated.
configure:4023: $? = 1
configure: failed program was:
| /* confdefs.h */
| #define PACKAGE_NAME "yaz"
| #define PACKAGE_TARNAME "yaz"
| #define PACKAGE_VERSION "5.4.1"
| #define PACKAGE_STRING "yaz 5.4.1"
| #define PACKAGE_BUGREPORT "yaz-help@indexdata.dk"
| #define PACKAGE_URL ""
| #define PACKAGE "yaz"
| #define VERSION "5.4.1"
| /* end confdefs.h.  */
| #include <ac_nonexistent.h>
configure:4048: result: gcc -E
configure:4068: gcc -E  conftest.c
configure:4068: $? = 0
configure:4082: gcc -E  conftest.c
conftest.c:11:10: fatal error: 'ac_nonexistent.h' file not found
#include <ac_nonexistent.h>
         ^
1 error generated.
configure:4082: $? = 1
configure: failed program was:
| /* confdefs.h */
| #define PACKAGE_NAME "yaz"
| #define PACKAGE_TARNAME "yaz"
| #define PACKAGE_VERSION "5.4.1"
| #define PACKAGE_STRING "yaz 5.4.1"
| #define PACKAGE_BUGREPORT "yaz-help@indexdata.dk"
| #define PACKAGE_URL ""
| #define PACKAGE "yaz"
| #define VERSION "5.4.1"
| /* end confdefs.h.  */
| #include <ac_nonexistent.h>
configure:4114: checking for bison
configure:4130: found /usr/bin/bison
configure:4141: result: bison -y
configure:4158: checking for tclsh
configure:4174: found /usr/bin/tclsh
configure:4185: result: tclsh
configure:4227: checking build system type
configure:4241: result: x86_64-apple-darwin14.0.0
configure:4261: checking host system type
configure:4274: result: x86_64-apple-darwin14.0.0
configure:4315: checking how to print strings
configure:4342: result: printf
configure:4363: checking for a sed that does not truncate output
configure:4427: result: /usr/bin/sed
configure:4445: checking for grep that handles long lines and -e
configure:4503: result: /usr/bin/grep
configure:4508: checking for egrep
configure:4570: result: /usr/bin/grep -E
configure:4575: checking for fgrep
configure:4637: result: /usr/bin/grep -F
configure:4672: checking for ld used by gcc
configure:4739: result: /Applications/Xcode.app/Contents/Developer/Toolchains/XcodeDefault.xctoolchain/usr/bin/ld
configure:4746: checking if the linker (/Applications/Xcode.app/Contents/Developer/Toolchains/XcodeDefault.xctoolchain/usr/bin/ld) is GNU ld
configure:4761: result: no
configure:4773: checking for BSD- or MS-compatible name lister (nm)
configure:4822: result: /usr/bin/nm
configure:4952: checking the name lister (/usr/bin/nm) interface
configure:4959: gcc -c -g -O2  conftest.c >&5
configure:4962: /usr/bin/nm "conftest.o"
configure:4965: output
000000000000024c S _some_variable
configure:4972: result: BSD nm
configure:4975: checking whether ln -s works
configure:4979: result: yes
configure:4987: checking the maximum length of command line arguments
configure:5118: result: 196608
configure:5135: checking whether the shell understands some XSI constructs
configure:5145: result: yes
configure:5149: checking whether the shell understands "+="
configure:5155: result: yes
configure:5190: checking how to convert x86_64-apple-darwin14.0.0 file names to x86_64-apple-darwin14.0.0 format
configure:5230: result: func_convert_file_noop
configure:5237: checking how to convert x86_64-apple-darwin14.0.0 file names to toolchain format
configure:5257: result: func_convert_file_noop
configure:5264: checking for /Applications/Xcode.app/Contents/Developer/Toolchains/XcodeDefault.xctoolchain/usr/bin/ld option to reload object files
configure:5271: result: -r
configure:5345: checking for objdump
configure:5375: result: no
configure:5404: checking how to recognize dependent libraries
configure:5602: result: pass_all
configure:5687: checking for dlltool
configure:5717: result: no
configure:5747: checking how to associate runtime and link libraries
configure:5774: result: printf %s\n
configure:5835: checking for ar
configure:5851: found /usr/bin/ar
configure:5862: result: ar
configure:5899: checking for archiver @FILE support
configure:5916: gcc -c -g -O2  conftest.c >&5
configure:5916: $? = 0
configure:5919: ar cru libconftest.a @conftest.lst >&5
ar: @conftest.lst: No such file or directory
configure:5922: $? = 1
configure:5942: result: no
configure:6000: checking for strip
configure:6016: found /usr/bin/strip
configure:6027: result: strip
configure:6099: checking for ranlib
configure:6115: found /usr/bin/ranlib
configure:6126: result: ranlib
configure:6228: checking command to parse /usr/bin/nm output from gcc object
configure:6348: gcc -c -g -O2  conftest.c >&5
configure:6351: $? = 0
configure:6355: /usr/bin/nm conftest.o \| sed -n -e 's/^.*[ ]\([BCDEGRST][BCDEGRST]*\)[ ][ ]*\([_A-Za-z][_A-Za-z0-9]*\)$/\1 \2 \2/p' | sed '/ __gnu_lto/d' \> conftest.nm
configure:6358: $? = 0
cannot find nm_test_var in conftest.nm
configure:6348: gcc -c -g -O2  conftest.c >&5
configure:6351: $? = 0
configure:6355: /usr/bin/nm conftest.o \| sed -n -e 's/^.*[ ]\([BCDEGRST][BCDEGRST]*\)[ ][ ]*_\([_A-Za-z][_A-Za-z0-9]*\)$/\1 _\2 \2/p' | sed '/ __gnu_lto/d' \> conftest.nm
configure:6358: $? = 0
configure:6424: gcc -o conftest -g -O2   conftest.c conftstm.o >&5
configure:6427: $? = 0
configure:6465: result: ok
configure:6502: checking for sysroot
configure:6532: result: no
configure:6801: checking for mt
configure:6831: result: no
configure:6851: checking if : is a manifest tool
configure:6857: : '-?'
configure:6865: result: no
configure:6921: checking for dsymutil
configure:6937: found /usr/bin/dsymutil
configure:6948: result: dsymutil
configure:7013: checking for nmedit
configure:7029: found /usr/bin/nmedit
configure:7040: result: nmedit
configure:7105: checking for lipo
configure:7121: found /usr/bin/lipo
configure:7132: result: lipo
configure:7197: checking for otool
configure:7213: found /usr/bin/otool
configure:7224: result: otool
configure:7289: checking for otool64
configure:7319: result: no
configure:7364: checking for -single_module linker flag
gcc -g -O2  -o libconftest.dylib -dynamiclib -Wl,-single_module conftest.c
configure:7397: result: yes
configure:7400: checking for -exported_symbols_list linker flag
configure:7420: gcc -o conftest -g -O2   -Wl,-exported_symbols_list,conftest.sym conftest.c  >&5
configure:7420: $? = 0
configure:7430: result: yes
configure:7433: checking for -force_load linker flag
gcc -g -O2 -c -o conftest.o conftest.c
ar cru libconftest.a conftest.o
ranlib libconftest.a
gcc -g -O2  -o conftest conftest.c -Wl,-force_load,./libconftest.a
configure:7465: result: yes
configure:7503: checking for ANSI C header files
configure:7523: gcc -c -g -O2  conftest.c >&5
configure:7523: $? = 0
configure:7596: gcc -o conftest -g -O2   conftest.c  >&5
configure:7596: $? = 0
configure:7596: ./conftest
configure:7596: $? = 0
configure:7607: result: yes
configure:7620: checking for sys/types.h
configure:7620: gcc -c -g -O2  conftest.c >&5
configure:7620: $? = 0
configure:7620: result: yes
configure:7620: checking for sys/stat.h
configure:7620: gcc -c -g -O2  conftest.c >&5
configure:7620: $? = 0
configure:7620: result: yes
configure:7620: checking for stdlib.h
configure:7620: gcc -c -g -O2  conftest.c >&5
configure:7620: $? = 0
configure:7620: result: yes
configure:7620: checking for string.h
configure:7620: gcc -c -g -O2  conftest.c >&5
configure:7620: $? = 0
configure:7620: result: yes
configure:7620: checking for memory.h
configure:7620: gcc -c -g -O2  conftest.c >&5
configure:7620: $? = 0
configure:7620: result: yes
configure:7620: checking for strings.h
configure:7620: gcc -c -g -O2  conftest.c >&5
configure:7620: $? = 0
configure:7620: result: yes
configure:7620: checking for inttypes.h
configure:7620: gcc -c -g -O2  conftest.c >&5
configure:7620: $? = 0
configure:7620: result: yes
configure:7620: checking for stdint.h
configure:7620: gcc -c -g -O2  conftest.c >&5
configure:7620: $? = 0
configure:7620: result: yes
configure:7620: checking for unistd.h
configure:7620: gcc -c -g -O2  conftest.c >&5
configure:7620: $? = 0
configure:7620: result: yes
configure:7634: checking for dlfcn.h
configure:7634: gcc -c -g -O2  conftest.c >&5
configure:7634: $? = 0
configure:7634: result: yes
configure:7840: checking for objdir
configure:7855: result: .libs
configure:8126: checking if gcc supports -fno-rtti -fno-exceptions
configure:8144: gcc -c -g -O2  -fno-rtti -fno-exceptions conftest.c >&5
configure:8148: $? = 0
configure:8161: result: yes
configure:8488: checking for gcc option to produce PIC
configure:8495: result: -fno-common -DPIC
configure:8503: checking if gcc PIC flag -fno-common -DPIC works
configure:8521: gcc -c -g -O2  -fno-common -DPIC -DPIC conftest.c >&5
configure:8525: $? = 0
configure:8538: result: yes
configure:8567: checking if gcc static flag -static works
configure:8595: result: no
configure:8610: checking if gcc supports -c -o file.o
configure:8631: gcc -c -g -O2  -o out/conftest2.o conftest.c >&5
configure:8635: $? = 0
configure:8657: result: yes
configure:8665: checking if gcc supports -c -o file.o
configure:8712: result: yes
configure:8745: checking whether the gcc linker (/Applications/Xcode.app/Contents/Developer/Toolchains/XcodeDefault.xctoolchain/usr/bin/ld) supports shared libraries
configure:9902: result: yes
configure:10142: checking dynamic linker characteristics
configure:10876: result: darwin14.0.0 dyld
configure:10983: checking how to hardcode library paths into programs
configure:11008: result: immediate
configure:11548: checking whether stripping libraries is possible
configure:11562: result: yes
configure:11588: checking if libtool supports shared libraries
configure:11590: result: yes
configure:11593: checking whether to build shared libraries
configure:11614: result: yes
configure:11617: checking whether to build static libraries
configure:11621: result: yes
configure:11661: checking for pkg-config
configure:11679: found /usr/local/bin/pkg-config
configure:11692: result: /usr/local/bin/pkg-config
configure:11727: checking for docbookx.dtd
configure:11741: result: Not found
configure:11761: checking for docbook.dsl
configure:11777: result: Not found
configure:11794: checking for htmlhelp.xsl
configure:11808: result: Not found
configure:11818: checking dirent.h usability
configure:11818: gcc -c -g -O2  conftest.c >&5
configure:11818: $? = 0
configure:11818: result: yes
configure:11818: checking dirent.h presence
configure:11818: gcc -E  conftest.c
configure:11818: $? = 0
configure:11818: result: yes
configure:11818: checking for dirent.h
configure:11818: result: yes
configure:11818: checking fnmatch.h usability
configure:11818: gcc -c -g -O2  conftest.c >&5
configure:11818: $? = 0
configure:11818: result: yes
configure:11818: checking fnmatch.h presence
configure:11818: gcc -E  conftest.c
configure:11818: $? = 0
configure:11818: result: yes
configure:11818: checking for fnmatch.h
configure:11818: result: yes
configure:11818: checking wchar.h usability
configure:11818: gcc -c -g -O2  conftest.c >&5
configure:11818: $? = 0
configure:11818: result: yes
configure:11818: checking wchar.h presence
configure:11818: gcc -E  conftest.c
configure:11818: $? = 0
configure:11818: result: yes
configure:11818: checking for wchar.h
configure:11818: result: yes
configure:11818: checking locale.h usability
configure:11818: gcc -c -g -O2  conftest.c >&5
configure:11818: $? = 0
configure:11818: result: yes
configure:11818: checking locale.h presence
configure:11818: gcc -E  conftest.c
configure:11818: $? = 0
configure:11818: result: yes
configure:11818: checking for locale.h
configure:11818: result: yes
configure:11818: checking langinfo.h usability
configure:11818: gcc -c -g -O2  conftest.c >&5
configure:11818: $? = 0
configure:11818: result: yes
configure:11818: checking langinfo.h presence
configure:11818: gcc -E  conftest.c
configure:11818: $? = 0
configure:11818: result: yes
configure:11818: checking for langinfo.h
configure:11818: result: yes
configure:11818: checking pwd.h usability
configure:11818: gcc -c -g -O2  conftest.c >&5
configure:11818: $? = 0
configure:11818: result: yes
configure:11818: checking pwd.h presence
configure:11818: gcc -E  conftest.c
configure:11818: $? = 0
configure:11818: result: yes
configure:11818: checking for pwd.h
configure:11818: result: yes
configure:11818: checking for unistd.h
configure:11818: result: yes
configure:11818: checking sys/select.h usability
configure:11818: gcc -c -g -O2  conftest.c >&5
configure:11818: $? = 0
configure:11818: result: yes
configure:11818: checking sys/select.h presence
configure:11818: gcc -E  conftest.c
configure:11818: $? = 0
configure:11818: result: yes
configure:11818: checking for sys/select.h
configure:11818: result: yes
configure:11818: checking sys/socket.h usability
configure:11818: gcc -c -g -O2  conftest.c >&5
configure:11818: $? = 0
configure:11818: result: yes
configure:11818: checking sys/socket.h presence
configure:11818: gcc -E  conftest.c
configure:11818: $? = 0
configure:11818: result: yes
configure:11818: checking for sys/socket.h
configure:11818: result: yes
configure:11818: checking for sys/stat.h
configure:11818: result: yes
configure:11818: checking sys/time.h usability
configure:11818: gcc -c -g -O2  conftest.c >&5
configure:11818: $? = 0
configure:11818: result: yes
configure:11818: checking sys/time.h presence
configure:11818: gcc -E  conftest.c
configure:11818: $? = 0
configure:11818: result: yes
configure:11818: checking for sys/time.h
configure:11818: result: yes
configure:11818: checking sys/times.h usability
configure:11818: gcc -c -g -O2  conftest.c >&5
configure:11818: $? = 0
configure:11818: result: yes
configure:11818: checking sys/times.h presence
configure:11818: gcc -E  conftest.c
configure:11818: $? = 0
configure:11818: result: yes
configure:11818: checking for sys/times.h
configure:11818: result: yes
configure:11818: checking for sys/types.h
configure:11818: result: yes
configure:11818: checking sys/un.h usability
configure:11818: gcc -c -g -O2  conftest.c >&5
configure:11818: $? = 0
configure:11818: result: yes
configure:11818: checking sys/un.h presence
configure:11818: gcc -E  conftest.c
configure:11818: $? = 0
configure:11818: result: yes
configure:11818: checking for sys/un.h
configure:11818: result: yes
configure:11818: checking sys/wait.h usability
configure:11818: gcc -c -g -O2  conftest.c >&5
configure:11818: $? = 0
configure:11818: result: yes
configure:11818: checking sys/wait.h presence
configure:11818: gcc -E  conftest.c
configure:11818: $? = 0
configure:11818: result: yes
configure:11818: checking for sys/wait.h
configure:11818: result: yes
configure:11818: checking sys/prctl.h usability
configure:11818: gcc -c -g -O2  conftest.c >&5
conftest.c:71:10: fatal error: 'sys/prctl.h' file not found
#include <sys/prctl.h>
         ^
1 error generated.
configure:11818: $? = 1
configure: failed program was:
| /* confdefs.h */
| #define PACKAGE_NAME "yaz"
| #define PACKAGE_TARNAME "yaz"
| #define PACKAGE_VERSION "5.4.1"
| #define PACKAGE_STRING "yaz 5.4.1"
| #define PACKAGE_BUGREPORT "yaz-help@indexdata.dk"
| #define PACKAGE_URL ""
| #define PACKAGE "yaz"
| #define VERSION "5.4.1"
| #define STDC_HEADERS 1
| #define HAVE_SYS_TYPES_H 1
| #define HAVE_SYS_STAT_H 1
| #define HAVE_STDLIB_H 1
| #define HAVE_STRING_H 1
| #define HAVE_MEMORY_H 1
| #define HAVE_STRINGS_H 1
| #define HAVE_INTTYPES_H 1
| #define HAVE_STDINT_H 1
| #define HAVE_UNISTD_H 1
| #define HAVE_DLFCN_H 1
| #define LT_OBJDIR ".libs/"
| #define HAVE_DIRENT_H 1
| #define HAVE_FNMATCH_H 1
| #define HAVE_WCHAR_H 1
| #define HAVE_LOCALE_H 1
| #define HAVE_LANGINFO_H 1
| #define HAVE_PWD_H 1
| #define HAVE_UNISTD_H 1
| #define HAVE_SYS_SELECT_H 1
| #define HAVE_SYS_SOCKET_H 1
| #define HAVE_SYS_STAT_H 1
| #define HAVE_SYS_TIME_H 1
| #define HAVE_SYS_TIMES_H 1
| #define HAVE_SYS_TYPES_H 1
| #define HAVE_SYS_UN_H 1
| #define HAVE_SYS_WAIT_H 1
| /* end confdefs.h.  */
| #include <stdio.h>
| #ifdef HAVE_SYS_TYPES_H
| # include <sys/types.h>
| #endif
| #ifdef HAVE_SYS_STAT_H
| # include <sys/stat.h>
| #endif
| #ifdef STDC_HEADERS
| # include <stdlib.h>
| # include <stddef.h>
| #else
| # ifdef HAVE_STDLIB_H
| #  include <stdlib.h>
| # endif
| #endif
| #ifdef HAVE_STRING_H
| # if !defined STDC_HEADERS && defined HAVE_MEMORY_H
| #  include <memory.h>
| # endif
| # include <string.h>
| #endif
| #ifdef HAVE_STRINGS_H
| # include <strings.h>
| #endif
| #ifdef HAVE_INTTYPES_H
| # include <inttypes.h>
| #endif
| #ifdef HAVE_STDINT_H
| # include <stdint.h>
| #endif
| #ifdef HAVE_UNISTD_H
| # include <unistd.h>
| #endif
| #include <sys/prctl.h>
configure:11818: result: no
configure:11818: checking sys/prctl.h presence
configure:11818: gcc -E  conftest.c
conftest.c:38:10: fatal error: 'sys/prctl.h' file not found
#include <sys/prctl.h>
         ^
1 error generated.
configure:11818: $? = 1
configure: failed program was:
| /* confdefs.h */
| #define PACKAGE_NAME "yaz"
| #define PACKAGE_TARNAME "yaz"
| #define PACKAGE_VERSION "5.4.1"
| #define PACKAGE_STRING "yaz 5.4.1"
| #define PACKAGE_BUGREPORT "yaz-help@indexdata.dk"
| #define PACKAGE_URL ""
| #define PACKAGE "yaz"
| #define VERSION "5.4.1"
| #define STDC_HEADERS 1
| #define HAVE_SYS_TYPES_H 1
| #define HAVE_SYS_STAT_H 1
| #define HAVE_STDLIB_H 1
| #define HAVE_STRING_H 1
| #define HAVE_MEMORY_H 1
| #define HAVE_STRINGS_H 1
| #define HAVE_INTTYPES_H 1
| #define HAVE_STDINT_H 1
| #define HAVE_UNISTD_H 1
| #define HAVE_DLFCN_H 1
| #define LT_OBJDIR ".libs/"
| #define HAVE_DIRENT_H 1
| #define HAVE_FNMATCH_H 1
| #define HAVE_WCHAR_H 1
| #define HAVE_LOCALE_H 1
| #define HAVE_LANGINFO_H 1
| #define HAVE_PWD_H 1
| #define HAVE_UNISTD_H 1
| #define HAVE_SYS_SELECT_H 1
| #define HAVE_SYS_SOCKET_H 1
| #define HAVE_SYS_STAT_H 1
| #define HAVE_SYS_TIME_H 1
| #define HAVE_SYS_TIMES_H 1
| #define HAVE_SYS_TYPES_H 1
| #define HAVE_SYS_UN_H 1
| #define HAVE_SYS_WAIT_H 1
| /* end confdefs.h.  */
| #include <sys/prctl.h>
configure:11818: result: no
configure:11818: checking for sys/prctl.h
configure:11818: result: no
configure:11818: checking netdb.h usability
configure:11818: gcc -c -g -O2  conftest.c >&5
configure:11818: $? = 0
configure:11818: result: yes
configure:11818: checking netdb.h presence
configure:11818: gcc -E  conftest.c
configure:11818: $? = 0
configure:11818: result: yes
configure:11818: checking for netdb.h
configure:11818: result: yes
configure:11818: checking arpa/inet.h usability
configure:11818: gcc -c -g -O2  conftest.c >&5
configure:11818: $? = 0
configure:11818: result: yes
configure:11818: checking arpa/inet.h presence
configure:11818: gcc -E  conftest.c
configure:11818: $? = 0
configure:11818: result: yes
configure:11818: checking for arpa/inet.h
configure:11818: result: yes
configure:11818: checking netinet/tcp.h usability
configure:11818: gcc -c -g -O2  conftest.c >&5
configure:11818: $? = 0
configure:11818: result: yes
configure:11818: checking netinet/tcp.h presence
configure:11818: gcc -E  conftest.c
configure:11818: $? = 0
configure:11818: result: yes
configure:11818: checking for netinet/tcp.h
configure:11818: result: yes
configure:11818: checking netinet/in_systm.h usability
configure:11818: gcc -c -g -O2  conftest.c >&5
configure:11818: $? = 0
configure:11818: result: yes
configure:11818: checking netinet/in_systm.h presence
configure:11818: gcc -E  conftest.c
configure:11818: $? = 0
configure:11818: result: yes
configure:11818: checking for netinet/in_systm.h
configure:11818: result: yes
configure:11831: checking for net/if.h
configure:11831: gcc -c -g -O2  conftest.c >&5
configure:11831: $? = 0
configure:11831: result: yes
configure:11831: checking for netinet/in.h
configure:11831: gcc -c -g -O2  conftest.c >&5
configure:11831: $? = 0
configure:11831: result: yes
configure:11831: checking for netinet/if_ether.h
configure:11831: gcc -c -g -O2  conftest.c >&5
configure:11831: $? = 0
configure:11831: result: yes
configure:11855: checking for ANSI C header files
configure:11959: result: yes
configure:11971: checking for long long
configure:11971: gcc -c -g -O2  conftest.c >&5
configure:11971: $? = 0
configure:11971: gcc -c -g -O2  conftest.c >&5
conftest.c:82:24: error: expected expression
if (sizeof ((long long)))
                       ^
1 error generated.
configure:11971: $? = 1
configure: failed program was:
| /* confdefs.h */
| #define PACKAGE_NAME "yaz"
| #define PACKAGE_TARNAME "yaz"
| #define PACKAGE_VERSION "5.4.1"
| #define PACKAGE_STRING "yaz 5.4.1"
| #define PACKAGE_BUGREPORT "yaz-help@indexdata.dk"
| #define PACKAGE_URL ""
| #define PACKAGE "yaz"
| #define VERSION "5.4.1"
| #define STDC_HEADERS 1
| #define HAVE_SYS_TYPES_H 1
| #define HAVE_SYS_STAT_H 1
| #define HAVE_STDLIB_H 1
| #define HAVE_STRING_H 1
| #define HAVE_MEMORY_H 1
| #define HAVE_STRINGS_H 1
| #define HAVE_INTTYPES_H 1
| #define HAVE_STDINT_H 1
| #define HAVE_UNISTD_H 1
| #define HAVE_DLFCN_H 1
| #define LT_OBJDIR ".libs/"
| #define HAVE_DIRENT_H 1
| #define HAVE_FNMATCH_H 1
| #define HAVE_WCHAR_H 1
| #define HAVE_LOCALE_H 1
| #define HAVE_LANGINFO_H 1
| #define HAVE_PWD_H 1
| #define HAVE_UNISTD_H 1
| #define HAVE_SYS_SELECT_H 1
| #define HAVE_SYS_SOCKET_H 1
| #define HAVE_SYS_STAT_H 1
| #define HAVE_SYS_TIME_H 1
| #define HAVE_SYS_TIMES_H 1
| #define HAVE_SYS_TYPES_H 1
| #define HAVE_SYS_UN_H 1
| #define HAVE_SYS_WAIT_H 1
| #define HAVE_NETDB_H 1
| #define HAVE_ARPA_INET_H 1
| #define HAVE_NETINET_TCP_H 1
| #define HAVE_NETINET_IN_SYSTM_H 1
| #define HAVE_NET_IF_H 1
| #define HAVE_NETINET_IN_H 1
| #define HAVE_NETINET_IF_ETHER_H 1
| #define STDC_HEADERS 1
| /* end confdefs.h.  */
| #include <stdio.h>
| #ifdef HAVE_SYS_TYPES_H
| # include <sys/types.h>
| #endif
| #ifdef HAVE_SYS_STAT_H
| # include <sys/stat.h>
| #endif
| #ifdef STDC_HEADERS
| # include <stdlib.h>
| # include <stddef.h>
| #else
| # ifdef HAVE_STDLIB_H
| #  include <stdlib.h>
| # endif
| #endif
| #ifdef HAVE_STRING_H
| # if !defined STDC_HEADERS && defined HAVE_MEMORY_H
| #  include <memory.h>
| # endif
| # include <string.h>
| #endif
| #ifdef HAVE_STRINGS_H
| # include <strings.h>
| #endif
| #ifdef HAVE_INTTYPES_H
| # include <inttypes.h>
| #endif
| #ifdef HAVE_STDINT_H
| # include <stdint.h>
| #endif
| #ifdef HAVE_UNISTD_H
| # include <unistd.h>
| #endif
| int
| main ()
| {
| if (sizeof ((long long)))
| 	    return 0;
|   ;
|   return 0;
| }
configure:11971: result: yes
configure:11982: checking for connect
configure:11982: gcc -o conftest -g -O2   conftest.c  >&5
configure:11982: $? = 0
configure:11982: result: yes
configure:12036: checking for gethostbyname
configure:12036: gcc -o conftest -g -O2   conftest.c  >&5
configure:12036: $? = 0
configure:12036: result: yes
configure:12088: checking for libgcrypt-config
configure:12119: result: NONE
configure:12132: checking for libgcrypt
configure:12155: result: no
configure:12304: checking for GNU TLS
configure:12314: result: None
configure:12322: checking for tgetent in -lncurses
configure:12347: gcc -o conftest -g -O2   conftest.c -lncurses   >&5
configure:12347: $? = 0
configure:12356: result: yes
configure:12405: checking for readline in -lreadline
configure:12430: gcc -o conftest -g -O2   conftest.c -lreadline -lncurses  >&5
configure:12430: $? = 0
configure:12439: result: yes
configure:12445: checking for add_history in -lhistory
configure:12470: gcc -o conftest -g -O2   conftest.c -lhistory   >&5
ld: library not found for -lhistory
clang: error: linker command failed with exit code 1 (use -v to see invocation)
configure:12470: $? = 1
configure: failed program was:
| /* confdefs.h */
| #define PACKAGE_NAME "yaz"
| #define PACKAGE_TARNAME "yaz"
| #define PACKAGE_VERSION "5.4.1"
| #define PACKAGE_STRING "yaz 5.4.1"
| #define PACKAGE_BUGREPORT "yaz-help@indexdata.dk"
| #define PACKAGE_URL ""
| #define PACKAGE "yaz"
| #define VERSION "5.4.1"
| #define STDC_HEADERS 1
| #define HAVE_SYS_TYPES_H 1
| #define HAVE_SYS_STAT_H 1
| #define HAVE_STDLIB_H 1
| #define HAVE_STRING_H 1
| #define HAVE_MEMORY_H 1
| #define HAVE_STRINGS_H 1
| #define HAVE_INTTYPES_H 1
| #define HAVE_STDINT_H 1
| #define HAVE_UNISTD_H 1
| #define HAVE_DLFCN_H 1
| #define LT_OBJDIR ".libs/"
| #define HAVE_DIRENT_H 1
| #define HAVE_FNMATCH_H 1
| #define HAVE_WCHAR_H 1
| #define HAVE_LOCALE_H 1
| #define HAVE_LANGINFO_H 1
| #define HAVE_PWD_H 1
| #define HAVE_UNISTD_H 1
| #define HAVE_SYS_SELECT_H 1
| #define HAVE_SYS_SOCKET_H 1
| #define HAVE_SYS_STAT_H 1
| #define HAVE_SYS_TIME_H 1
| #define HAVE_SYS_TIMES_H 1
| #define HAVE_SYS_TYPES_H 1
| #define HAVE_SYS_UN_H 1
| #define HAVE_SYS_WAIT_H 1
| #define HAVE_NETDB_H 1
| #define HAVE_ARPA_INET_H 1
| #define HAVE_NETINET_TCP_H 1
| #define HAVE_NETINET_IN_SYSTM_H 1
| #define HAVE_NET_IF_H 1
| #define HAVE_NETINET_IN_H 1
| #define HAVE_NETINET_IF_ETHER_H 1
| #define STDC_HEADERS 1
| #define HAVE_LONG_LONG 1
| /* end confdefs.h.  */
| 
| /* Override any GCC internal prototype to avoid an error.
|    Use char because int might match the return type of a GCC
|    builtin and then its argument prototype would still apply.  */
| #ifdef __cplusplus
| extern "C"
| #endif
| char add_history ();
| int
| main ()
| {
| return add_history ();
|   ;
|   return 0;
| }
configure:12479: result: no
configure:12489: checking readline/readline.h usability
configure:12489: gcc -c -g -O2  conftest.c >&5
configure:12489: $? = 0
configure:12489: result: yes
configure:12489: checking readline/readline.h presence
configure:12489: gcc -E  conftest.c
configure:12489: $? = 0
configure:12489: result: yes
configure:12489: checking for readline/readline.h
configure:12489: result: yes
configure:12489: checking readline/history.h usability
configure:12489: gcc -c -g -O2  conftest.c >&5
configure:12489: $? = 0
configure:12489: result: yes
configure:12489: checking readline/history.h presence
configure:12489: gcc -E  conftest.c
configure:12489: $? = 0
configure:12489: result: yes
configure:12489: checking for readline/history.h
configure:12489: result: yes
configure:12517: gcc -o conftest -g -O2   conftest.c   -lreadline -lncurses >&5
configure:12517: $? = 0
configure:12540: gcc -o conftest -g -O2   conftest.c   -lreadline -lncurses >&5
configure:12540: $? = 0
configure:12556: checking for iconv
configure:12579: gcc -o conftest -g -O2   conftest.c  >&5
Undefined symbols for architecture x86_64:
  "_iconv_open", referenced from:
      _main in conftest-6ec1b4.o
ld: symbol(s) not found for architecture x86_64
clang: error: linker command failed with exit code 1 (use -v to see invocation)
configure:12579: $? = 1
configure: failed program was:
| /* confdefs.h */
| #define PACKAGE_NAME "yaz"
| #define PACKAGE_TARNAME "yaz"
| #define PACKAGE_VERSION "5.4.1"
| #define PACKAGE_STRING "yaz 5.4.1"
| #define PACKAGE_BUGREPORT "yaz-help@indexdata.dk"
| #define PACKAGE_URL ""
| #define PACKAGE "yaz"
| #define VERSION "5.4.1"
| #define STDC_HEADERS 1
| #define HAVE_SYS_TYPES_H 1
| #define HAVE_SYS_STAT_H 1
| #define HAVE_STDLIB_H 1
| #define HAVE_STRING_H 1
| #define HAVE_MEMORY_H 1
| #define HAVE_STRINGS_H 1
| #define HAVE_INTTYPES_H 1
| #define HAVE_STDINT_H 1
| #define HAVE_UNISTD_H 1
| #define HAVE_DLFCN_H 1
| #define LT_OBJDIR ".libs/"
| #define HAVE_DIRENT_H 1
| #define HAVE_FNMATCH_H 1
| #define HAVE_WCHAR_H 1
| #define HAVE_LOCALE_H 1
| #define HAVE_LANGINFO_H 1
| #define HAVE_PWD_H 1
| #define HAVE_UNISTD_H 1
| #define HAVE_SYS_SELECT_H 1
| #define HAVE_SYS_SOCKET_H 1
| #define HAVE_SYS_STAT_H 1
| #define HAVE_SYS_TIME_H 1
| #define HAVE_SYS_TIMES_H 1
| #define HAVE_SYS_TYPES_H 1
| #define HAVE_SYS_UN_H 1
| #define HAVE_SYS_WAIT_H 1
| #define HAVE_NETDB_H 1
| #define HAVE_ARPA_INET_H 1
| #define HAVE_NETINET_TCP_H 1
| #define HAVE_NETINET_IN_SYSTM_H 1
| #define HAVE_NET_IF_H 1
| #define HAVE_NETINET_IN_H 1
| #define HAVE_NETINET_IF_ETHER_H 1
| #define STDC_HEADERS 1
| #define HAVE_LONG_LONG 1
| #define HAVE_READLINE_READLINE_H 1
| #define HAVE_READLINE_HISTORY_H 1
| #define HAVE_READLINE_COMPLETION_OVER 1
| #define HAVE_READLINE_RL_COMPLETION_MATCHES 1
| /* end confdefs.h.  */
| 
| 		#include <iconv.h>
| 
| int
| main ()
| {
| 
| 	    iconv_t t = iconv_open("", "");
| 
|   ;
|   return 0;
| }
configure:12605: gcc -o conftest -g -O2   conftest.c  -liconv >&5
configure:12605: $? = 0
configure:12609: result: yes
configure:12630: checking for getaddrinfo
configure:12630: gcc -o conftest -g -O2   conftest.c  -liconv >&5
configure:12630: $? = 0
configure:12630: result: yes
configure:12630: checking for vsnprintf
configure:12630: gcc -o conftest -g -O2   conftest.c  -liconv >&5
conftest.c:76:6: warning: incompatible redeclaration of library function 'vsnprintf' [-Wincompatible-library-redeclaration]
char vsnprintf ();
     ^
conftest.c:76:6: note: 'vsnprintf' is a builtin with type 'int (char *, unsigned long, const char *, __va_list_tag *)'
1 warning generated.
configure:12630: $? = 0
configure:12630: result: yes
configure:12630: checking for gettimeofday
configure:12630: gcc -o conftest -g -O2   conftest.c  -liconv >&5
configure:12630: $? = 0
configure:12630: result: yes
configure:12630: checking for poll
configure:12630: gcc -o conftest -g -O2   conftest.c  -liconv >&5
configure:12630: $? = 0
configure:12630: result: yes
configure:12630: checking for strerror_r
configure:12630: gcc -o conftest -g -O2   conftest.c  -liconv >&5
configure:12630: $? = 0
configure:12630: result: yes
configure:12630: checking for localtime_r
configure:12630: gcc -o conftest -g -O2   conftest.c  -liconv >&5
configure:12630: $? = 0
configure:12630: result: yes
configure:12630: checking for usleep
configure:12630: gcc -o conftest -g -O2   conftest.c  -liconv >&5
configure:12630: $? = 0
configure:12630: result: yes
configure:12630: checking for fopen64
configure:12630: gcc -o conftest -g -O2   conftest.c  -liconv >&5
Undefined symbols for architecture x86_64:
  "_fopen64", referenced from:
      _main in conftest-282905.o
ld: symbol(s) not found for architecture x86_64
clang: error: linker command failed with exit code 1 (use -v to see invocation)
configure:12630: $? = 1
configure: failed program was:
| /* confdefs.h */
| #define PACKAGE_NAME "yaz"
| #define PACKAGE_TARNAME "yaz"
| #define PACKAGE_VERSION "5.4.1"
| #define PACKAGE_STRING "yaz 5.4.1"
| #define PACKAGE_BUGREPORT "yaz-help@indexdata.dk"
| #define PACKAGE_URL ""
| #define PACKAGE "yaz"
| #define VERSION "5.4.1"
| #define STDC_HEADERS 1
| #define HAVE_SYS_TYPES_H 1
| #define HAVE_SYS_STAT_H 1
| #define HAVE_STDLIB_H 1
| #define HAVE_STRING_H 1
| #define HAVE_MEMORY_H 1
| #define HAVE_STRINGS_H 1
| #define HAVE_INTTYPES_H 1
| #define HAVE_STDINT_H 1
| #define HAVE_UNISTD_H 1
| #define HAVE_DLFCN_H 1
| #define LT_OBJDIR ".libs/"
| #define HAVE_DIRENT_H 1
| #define HAVE_FNMATCH_H 1
| #define HAVE_WCHAR_H 1
| #define HAVE_LOCALE_H 1
| #define HAVE_LANGINFO_H 1
| #define HAVE_PWD_H 1
| #define HAVE_UNISTD_H 1
| #define HAVE_SYS_SELECT_H 1
| #define HAVE_SYS_SOCKET_H 1
| #define HAVE_SYS_STAT_H 1
| #define HAVE_SYS_TIME_H 1
| #define HAVE_SYS_TIMES_H 1
| #define HAVE_SYS_TYPES_H 1
| #define HAVE_SYS_UN_H 1
| #define HAVE_SYS_WAIT_H 1
| #define HAVE_NETDB_H 1
| #define HAVE_ARPA_INET_H 1
| #define HAVE_NETINET_TCP_H 1
| #define HAVE_NETINET_IN_SYSTM_H 1
| #define HAVE_NET_IF_H 1
| #define HAVE_NETINET_IN_H 1
| #define HAVE_NETINET_IF_ETHER_H 1
| #define STDC_HEADERS 1
| #define HAVE_LONG_LONG 1
| #define HAVE_READLINE_READLINE_H 1
| #define HAVE_READLINE_HISTORY_H 1
| #define HAVE_READLINE_COMPLETION_OVER 1
| #define HAVE_READLINE_RL_COMPLETION_MATCHES 1
| #define HAVE_ICONV_H 1
| #define HAVE_GETADDRINFO 1
| #define HAVE_VSNPRINTF 1
| #define HAVE_GETTIMEOFDAY 1
| #define HAVE_POLL 1
| #define HAVE_STRERROR_R 1
| #define HAVE_LOCALTIME_R 1
| #define HAVE_USLEEP 1
| /* end confdefs.h.  */
| /* Define fopen64 to an innocuous variant, in case <limits.h> declares fopen64.
|    For example, HP-UX 11i <limits.h> declares gettimeofday.  */
| #define fopen64 innocuous_fopen64
| 
| /* System header to define __stub macros and hopefully few prototypes,
|     which can conflict with char fopen64 (); below.
|     Prefer <limits.h> to <assert.h> if __STDC__ is defined, since
|     <limits.h> exists even on freestanding compilers.  */
| 
| #ifdef __STDC__
| # include <limits.h>
| #else
| # include <assert.h>
| #endif
| 
| #undef fopen64
| 
| /* Override any GCC internal prototype to avoid an error.
|    Use char because int might match the return type of a GCC
|    builtin and then its argument prototype would still apply.  */
| #ifdef __cplusplus
| extern "C"
| #endif
| char fopen64 ();
| /* The GNU C library defines this for functions which it implements
|     to always fail with ENOSYS.  Some functions are actually named
|     something starting with __ and the normal name is an alias.  */
| #if defined __stub_fopen64 || defined __stub___fopen64
| choke me
| #endif
| 
| int
| main ()
| {
| return fopen64 ();
|   ;
|   return 0;
| }
configure:12630: result: no
configure:12662: checking for socklen_t
configure:12697: gcc -c -g -O2  conftest.c >&5
configure:12697: $? = 0
configure:12742: result: socklen_t
configure:12977: checking for the pthreads library -lpthreads
configure:13010: gcc -o conftest -g -O2    conftest.c -lpthreads  -liconv >&5
ld: library not found for -lpthreads
clang: error: linker command failed with exit code 1 (use -v to see invocation)
configure:13010: $? = 1
configure: failed program was:
| /* confdefs.h */
| #define PACKAGE_NAME "yaz"
| #define PACKAGE_TARNAME "yaz"
| #define PACKAGE_VERSION "5.4.1"
| #define PACKAGE_STRING "yaz 5.4.1"
| #define PACKAGE_BUGREPORT "yaz-help@indexdata.dk"
| #define PACKAGE_URL ""
| #define PACKAGE "yaz"
| #define VERSION "5.4.1"
| #define STDC_HEADERS 1
| #define HAVE_SYS_TYPES_H 1
| #define HAVE_SYS_STAT_H 1
| #define HAVE_STDLIB_H 1
| #define HAVE_STRING_H 1
| #define HAVE_MEMORY_H 1
| #define HAVE_STRINGS_H 1
| #define HAVE_INTTYPES_H 1
| #define HAVE_STDINT_H 1
| #define HAVE_UNISTD_H 1
| #define HAVE_DLFCN_H 1
| #define LT_OBJDIR ".libs/"
| #define HAVE_DIRENT_H 1
| #define HAVE_FNMATCH_H 1
| #define HAVE_WCHAR_H 1
| #define HAVE_LOCALE_H 1
| #define HAVE_LANGINFO_H 1
| #define HAVE_PWD_H 1
| #define HAVE_UNISTD_H 1
| #define HAVE_SYS_SELECT_H 1
| #define HAVE_SYS_SOCKET_H 1
| #define HAVE_SYS_STAT_H 1
| #define HAVE_SYS_TIME_H 1
| #define HAVE_SYS_TIMES_H 1
| #define HAVE_SYS_TYPES_H 1
| #define HAVE_SYS_UN_H 1
| #define HAVE_SYS_WAIT_H 1
| #define HAVE_NETDB_H 1
| #define HAVE_ARPA_INET_H 1
| #define HAVE_NETINET_TCP_H 1
| #define HAVE_NETINET_IN_SYSTM_H 1
| #define HAVE_NET_IF_H 1
| #define HAVE_NETINET_IN_H 1
| #define HAVE_NETINET_IF_ETHER_H 1
| #define STDC_HEADERS 1
| #define HAVE_LONG_LONG 1
| #define HAVE_READLINE_READLINE_H 1
| #define HAVE_READLINE_HISTORY_H 1
| #define HAVE_READLINE_COMPLETION_OVER 1
| #define HAVE_READLINE_RL_COMPLETION_MATCHES 1
| #define HAVE_ICONV_H 1
| #define HAVE_GETADDRINFO 1
| #define HAVE_VSNPRINTF 1
| #define HAVE_GETTIMEOFDAY 1
| #define HAVE_POLL 1
| #define HAVE_STRERROR_R 1
| #define HAVE_LOCALTIME_R 1
| #define HAVE_USLEEP 1
| #define YAZ_SOCKLEN_T socklen_t
| /* end confdefs.h.  */
| #include <pthread.h>
| int
| main ()
| {
| pthread_t th; pthread_join(th, 0);
|                      pthread_attr_init(0); pthread_cleanup_push(0, 0);
|                      pthread_create(0,0,0,0); pthread_cleanup_pop(0);
|   ;
|   return 0;
| }
configure:13019: result: no
configure:12922: checking whether pthreads work without any flags
configure:13010: gcc -o conftest -g -O2    conftest.c   -liconv >&5
configure:13010: $? = 0
configure:13019: result: yes
configure:13038: checking for joinable pthread attribute
configure:13053: gcc -o conftest -g -O2    conftest.c   -liconv >&5
configure:13053: $? = 0
configure:13059: result: PTHREAD_CREATE_JOINABLE
configure:13069: checking if more special flags are required for pthreads
configure:13076: result: -D_THREAD_SAFE
configure:13161: gcc -o conftest -g -O2 -D_THREAD_SAFE    conftest.c -lpthread  -liconv >&5
configure:13161: $? = 0
configure:13196: checking for pkg-config
configure:13227: result: /usr/local/bin/pkg-config
configure:13259: checking for libXML2
configure:13278: result: 2.9.0
configure:13333: checking for libXSLT
configure:13352: result: 1.1.28
configure:13392: checking for libEXSLT
configure:13412: result: Not found
configure:13422: WARNING: libEXSLT development libraries not found.
configure:13433: checking for xsltSaveResultToString
configure:13433: gcc -o conftest -g -O2 -D_THREAD_SAFE    conftest.c  -liconv -lpthread -lxml2 -lxslt >&5
configure:13433: $? = 0
configure:13433: result: yes
configure:13466: checking for icu-config
configure:13497: result: no
configure:13752: checking that generated files are newer than configure
configure:13758: result: done
configure:13781: creating ./config.status

## ---------------------- ##
## Running config.status. ##
## ---------------------- ##

This file was extended by yaz config.status 5.4.1, which was
generated by GNU Autoconf 2.69.  Invocation command line was

  CONFIG_FILES    = 
  CONFIG_HEADERS  = 
  CONFIG_LINKS    = 
  CONFIG_COMMANDS = 
  $ ./config.status 

on mbpro13.home

config.status:1171: creating Makefile
config.status:1171: creating src/Makefile
config.status:1171: creating test/Makefile
config.status:1171: creating util/Makefile
config.status:1171: creating include/Makefile
config.status:1171: creating include/yaz/Makefile
config.status:1171: creating client/Makefile
config.status:1171: creating ztest/Makefile
config.status:1171: creating zoom/Makefile
config.status:1171: creating doc/Makefile
config.status:1171: creating doc/local0.ent
config.status:1171: creating doc/common/Makefile
config.status:1171: creating doc/common/print.dsl
config.status:1171: creating etc/Makefile
config.status:1171: creating yaz-config
config.status:1171: creating yaz.pc
config.status:1171: creating Doxyfile
config.status:1171: creating win/version.nsi
config.status:1171: creating include/yaz/yaz-version.h
config.status:1171: creating include/config.h
config.status:1400: executing depfiles commands
config.status:1400: executing libtool commands
config.status:1400: executing default commands

## ---------------- ##
## Cache variables. ##
## ---------------- ##

ac_cv_build=x86_64-apple-darwin14.0.0
ac_cv_c_compiler_gnu=yes
ac_cv_check_socklen_t=socklen_t
ac_cv_env_CC_set=
ac_cv_env_CC_value=
ac_cv_env_CFLAGS_set=
ac_cv_env_CFLAGS_value=
ac_cv_env_CPPFLAGS_set=
ac_cv_env_CPPFLAGS_value=
ac_cv_env_CPP_set=
ac_cv_env_CPP_value=
ac_cv_env_LDFLAGS_set=
ac_cv_env_LDFLAGS_value=
ac_cv_env_LIBS_set=
ac_cv_env_LIBS_value=
ac_cv_env_build_alias_set=
ac_cv_env_build_alias_value=
ac_cv_env_host_alias_set=
ac_cv_env_host_alias_value=
ac_cv_env_target_alias_set=
ac_cv_env_target_alias_value=
ac_cv_func_connect=yes
ac_cv_func_fopen64=no
ac_cv_func_getaddrinfo=yes
ac_cv_func_gethostbyname=yes
ac_cv_func_gettimeofday=yes
ac_cv_func_localtime_r=yes
ac_cv_func_poll=yes
ac_cv_func_strerror_r=yes
ac_cv_func_usleep=yes
ac_cv_func_vsnprintf=yes
ac_cv_func_xsltSaveResultToString=yes
ac_cv_header_arpa_inet_h=yes
ac_cv_header_dirent_h=yes
ac_cv_header_dlfcn_h=yes
ac_cv_header_fnmatch_h=yes
ac_cv_header_inttypes_h=yes
ac_cv_header_langinfo_h=yes
ac_cv_header_locale_h=yes
ac_cv_header_memory_h=yes
ac_cv_header_net_if_h=yes
ac_cv_header_netdb_h=yes
ac_cv_header_netinet_if_ether_h=yes
ac_cv_header_netinet_in_h=yes
ac_cv_header_netinet_in_systm_h=yes
ac_cv_header_netinet_tcp_h=yes
ac_cv_header_pwd_h=yes
ac_cv_header_readline_history_h=yes
ac_cv_header_readline_readline_h=yes
ac_cv_header_stdc=yes
ac_cv_header_stdint_h=yes
ac_cv_header_stdlib_h=yes
ac_cv_header_string_h=yes
ac_cv_header_strings_h=yes
ac_cv_header_sys_prctl_h=no
ac_cv_header_sys_select_h=yes
ac_cv_header_sys_socket_h=yes
ac_cv_header_sys_stat_h=yes
ac_cv_header_sys_time_h=yes
ac_cv_header_sys_times_h=yes
ac_cv_header_sys_types_h=yes
ac_cv_header_sys_un_h=yes
ac_cv_header_sys_wait_h=yes
ac_cv_header_unistd_h=yes
ac_cv_header_wchar_h=yes
ac_cv_host=x86_64-apple-darwin14.0.0
ac_cv_lib_history_add_history=no
ac_cv_lib_ncurses_tgetent=yes
ac_cv_lib_readline_readline=yes
ac_cv_objext=o
ac_cv_path_EGREP='/usr/bin/grep -E'
ac_cv_path_FGREP='/usr/bin/grep -F'
ac_cv_path_GREP=/usr/bin/grep
ac_cv_path_ICU_CONFIG=no
ac_cv_path_SED=/usr/bin/sed
ac_cv_path_install='/usr/bin/install -c'
ac_cv_path_libgcrypt=NONE
ac_cv_path_pkgconfigpath=/usr/local/bin/pkg-config
ac_cv_prog_AWK=awk
ac_cv_prog_CPP='gcc -E'
ac_cv_prog_TCLSH=tclsh
ac_cv_prog_YACC='bison -y'
ac_cv_prog_ac_ct_AR=ar
ac_cv_prog_ac_ct_CC=gcc
ac_cv_prog_ac_ct_DSYMUTIL=dsymutil
ac_cv_prog_ac_ct_LIPO=lipo
ac_cv_prog_ac_ct_NMEDIT=nmedit
ac_cv_prog_ac_ct_OTOOL=otool
ac_cv_prog_ac_ct_RANLIB=ranlib
ac_cv_prog_ac_ct_STRIP=strip
ac_cv_prog_cc_c89=
ac_cv_prog_cc_g=yes
ac_cv_prog_make_make_set=yes
ac_cv_type_long_long=yes
am_cv_CC_dependencies_compiler_type=gcc3
am_cv_make_support_nested_variables=yes
am_cv_prog_cc_c_o=yes
lt_cv_apple_cc_single_mod=yes
lt_cv_ar_at_file=no
lt_cv_deplibs_check_method=pass_all
lt_cv_file_magic_cmd='$MAGIC_CMD'
lt_cv_file_magic_test_file=
lt_cv_ld_exported_symbols_list=yes
lt_cv_ld_force_load=yes
lt_cv_ld_reload_flag=-r
lt_cv_nm_interface='BSD nm'
lt_cv_objdir=.libs
lt_cv_path_LD=/Applications/Xcode.app/Contents/Developer/Toolchains/XcodeDefault.xctoolchain/usr/bin/ld
lt_cv_path_NM=/usr/bin/nm
lt_cv_path_mainfest_tool=no
lt_cv_prog_compiler_c_o=yes
lt_cv_prog_compiler_pic='-fno-common -DPIC'
lt_cv_prog_compiler_pic_works=yes
lt_cv_prog_compiler_rtti_exceptions=yes
lt_cv_prog_compiler_static_works=no
lt_cv_prog_gnu_ld=no
lt_cv_sharedlib_from_linklib_cmd='printf %s\n'
lt_cv_sys_global_symbol_pipe='sed -n -e '\''s/^.*[	 ]\([BCDEGRST][BCDEGRST]*\)[	 ][	 ]*_\([_A-Za-z][_A-Za-z0-9]*\)$/\1 _\2 \2/p'\'' | sed '\''/ __gnu_lto/d'\'''
lt_cv_sys_global_symbol_to_c_name_address='sed -n -e '\''s/^: \([^ ]*\)[ ]*$/  {\"\1\", (void *) 0},/p'\'' -e '\''s/^[BCDEGRST]* \([^ ]*\) \([^ ]*\)$/  {"\2", (void *) \&\2},/p'\'''
lt_cv_sys_global_symbol_to_c_name_address_lib_prefix='sed -n -e '\''s/^: \([^ ]*\)[ ]*$/  {\"\1\", (void *) 0},/p'\'' -e '\''s/^[BCDEGRST]* \([^ ]*\) \(lib[^ ]*\)$/  {"\2", (void *) \&\2},/p'\'' -e '\''s/^[BCDEGRST]* \([^ ]*\) \([^ ]*\)$/  {"lib\2", (void *) \&\2},/p'\'''
lt_cv_sys_global_symbol_to_cdecl='sed -n -e '\''s/^T .* \(.*\)$/extern int \1();/p'\'' -e '\''s/^[BCDEGRST]* .* \(.*\)$/extern char \1;/p'\'''
lt_cv_sys_max_cmd_len=196608
lt_cv_to_host_file_cmd=func_convert_file_noop
lt_cv_to_tool_file_cmd=func_convert_file_noop

## ----------------- ##
## Output variables. ##
## ----------------- ##

ACLOCAL='${SHELL} /Users/mz2/Projects/papers-mac/External/MTFoundation/External/yazpp/YAZPP/YAZ/config/missing aclocal-1.14'
AMDEPBACKSLASH='\'
AMDEP_FALSE='#'
AMDEP_TRUE=''
AMTAR='$${TAR-tar}'
AM_BACKSLASH='\'
AM_DEFAULT_V='$(AM_DEFAULT_VERBOSITY)'
AM_DEFAULT_VERBOSITY='1'
AM_V='$(V)'
AR='ar'
AUTOCONF='${SHELL} /Users/mz2/Projects/papers-mac/External/MTFoundation/External/yazpp/YAZPP/YAZ/config/missing autoconf'
AUTOHEADER='${SHELL} /Users/mz2/Projects/papers-mac/External/MTFoundation/External/yazpp/YAZPP/YAZ/config/missing autoheader'
AUTOMAKE='${SHELL} /Users/mz2/Projects/papers-mac/External/MTFoundation/External/yazpp/YAZPP/YAZ/config/missing automake-1.14'
AWK='awk'
CC='gcc'
CCDEPMODE='depmode=gcc3'
CFLAGS='-g -O2 -D_THREAD_SAFE '
CPP='gcc -E'
CPPFLAGS=''
CYGPATH_W='echo'
DEFS='-DHAVE_CONFIG_H'
DEPDIR='.deps'
DLLTOOL='false'
DSSSL_DIR=''
DSYMUTIL='dsymutil'
DTD_DIR=''
DUMPBIN=''
ECHO_C='\c'
ECHO_N=''
ECHO_T=''
EGREP='/usr/bin/grep -E'
EXEEXT=''
FGREP='/usr/bin/grep -F'
GCRYPT_LIBS=''
GREP='/usr/bin/grep'
HIREDIS_LIBS=''
HTML_COMPILE='$(XSLTPROC_COMPILE) $(srcdir)/common/id.htmlhelp.xsl'
ICU_CFLAGS=''
ICU_CONFIG='no'
ICU_CPPFLAGS=''
ICU_CXXFLAGS=''
ICU_LIBS=''
INSTALL_DATA='${INSTALL} -m 644'
INSTALL_PROGRAM='${INSTALL}'
INSTALL_SCRIPT='${INSTALL}'
INSTALL_STRIP_PROGRAM='$(install_sh) -c -s'
LD='/Applications/Xcode.app/Contents/Developer/Toolchains/XcodeDefault.xctoolchain/usr/bin/ld'
LDFLAGS=''
LIBOBJS=''
LIBS='-lxml2 -lxslt  -liconv -lpthread'
LIBTOOL='$(SHELL) $(top_builddir)/libtool'
LIPO='lipo'
LN_S='ln -s'
LTLIBOBJS=''
MAKEINFO='${SHELL} /Users/mz2/Projects/papers-mac/External/MTFoundation/External/yazpp/YAZPP/YAZ/config/missing makeinfo'
MANIFEST_TOOL=':'
MAN_COMPILE='$(XSLTPROC_COMPILE) $(srcdir)/common/id.man.xsl'
MEMCACHED_LIBS=''
MKDIR_P='config/install-sh -c -d'
NM='/usr/bin/nm'
NMEDIT='nmedit'
OBJDUMP='false'
OBJEXT='o'
OTOOL64=':'
OTOOL='otool'
PACKAGE='yaz'
PACKAGE_BUGREPORT='yaz-help@indexdata.dk'
PACKAGE_NAME='yaz'
PACKAGE_STRING='yaz 5.4.1'
PACKAGE_TARNAME='yaz'
PACKAGE_URL=''
PACKAGE_VERSION='5.4.1'
PATH_SEPARATOR=':'
PDF_COMPILE='dblatex -P latex.class.options=a4paper,12pt,twoside,openright'
PTHREAD_CC='gcc'
PTHREAD_CFLAGS='-D_THREAD_SAFE '
PTHREAD_LIBS='-lpthread'
RANLIB='ranlib'
READLINE_LIBS=' -lreadline -lncurses'
SED='/usr/bin/sed'
SET_MAKE=''
SHELL='/bin/sh'
SSL_CFLAGS=''
SSL_LIBS=''
STRIP='strip'
TCLSH='tclsh'
TCPD_LIBS=''
TKL_COMPILE='$(XSLTPROC_COMPILE) $(srcdir)/common/id.tkl.xsl'
VERSION='5.4.1'
VERSION_HEX='50401'
VERSION_SHA1='12b96ce71560a566dfff5901e2b1aaa9d2dc94cc'
WIN_FILEVERSION='5,4,1,1'
XML2_CFLAGS='-I/usr/include/libxml2'
XSLTPROC_COMPILE='xsltproc --xinclude -path ".:$(srcdir)"'
XSL_DIR=''
YACC='bison -y'
YAZ_CONFIG_CFLAGS=' -DYAZ_POSIX_THREADS=1 -DYAZ_HAVE_XML2=1 -DYAZ_HAVE_XSLT=1 -I/usr/include/libxml2'
YAZ_CONF_CFLAGS=''
ac_ct_AR='ar'
ac_ct_CC='gcc'
ac_ct_DUMPBIN=''
acx_pthread_config=''
am__EXEEXT_FALSE=''
am__EXEEXT_TRUE='#'
am__fastdepCC_FALSE='#'
am__fastdepCC_TRUE=''
am__include='include'
am__isrc=''
am__leading_dot='.'
am__nodep='_no'
am__quote=''
am__tar='$${TAR-tar} chof - "$$tardir"'
am__untar='$${TAR-tar} xf -'
bindir='${exec_prefix}/bin'
build='x86_64-apple-darwin14.0.0'
build_alias=''
build_cpu='x86_64'
build_os='darwin14.0.0'
build_vendor='apple'
datadir='${datarootdir}'
datarootdir='${prefix}/share'
docdir='${datarootdir}/doc/yaz'
dvidir='${docdir}'
exec_prefix='${prefix}'
host='x86_64-apple-darwin14.0.0'
host_alias=''
host_cpu='x86_64'
host_os='darwin14.0.0'
host_vendor='apple'
htmldir='${docdir}'
includedir='${prefix}/include'
infodir='${datarootdir}/info'
install_sh='${SHELL} /Users/mz2/Projects/papers-mac/External/MTFoundation/External/yazpp/YAZPP/YAZ/config/install-sh'
libdir='${exec_prefix}/lib'
libexecdir='${exec_prefix}/libexec'
libgcrypt='NONE'
localedir='${datarootdir}/locale'
localstatedir='${prefix}/var'
mandir='${datarootdir}/man'
mkdir_p='$(MKDIR_P)'
oldincludedir='/usr/include'
pdfdir='${docdir}'
pkgconfigpath='/usr/local/bin/pkg-config'
prefix='/usr/local'
program_transform_name='s,x,x,'
psdir='${docdir}'
sbindir='${exec_prefix}/sbin'
sharedstatedir='${prefix}/com'
sysconfdir='${prefix}/etc'
target_alias=''

## ----------- ##
## confdefs.h. ##
## ----------- ##

/* confdefs.h */
#define PACKAGE_NAME "yaz"
#define PACKAGE_TARNAME "yaz"
#define PACKAGE_VERSION "5.4.1"
#define PACKAGE_STRING "yaz 5.4.1"
#define PACKAGE_BUGREPORT "yaz-help@indexdata.dk"
#define PACKAGE_URL ""
#define PACKAGE "yaz"
#define VERSION "5.4.1"
#define STDC_HEADERS 1
#define HAVE_SYS_TYPES_H 1
#define HAVE_SYS_STAT_H 1
#define HAVE_STDLIB_H 1
#define HAVE_STRING_H 1
#define HAVE_MEMORY_H 1
#define HAVE_STRINGS_H 1
#define HAVE_INTTYPES_H 1
#define HAVE_STDINT_H 1
#define HAVE_UNISTD_H 1
#define HAVE_DLFCN_H 1
#define LT_OBJDIR ".libs/"
#define HAVE_DIRENT_H 1
#define HAVE_FNMATCH_H 1
#define HAVE_WCHAR_H 1
#define HAVE_LOCALE_H 1
#define HAVE_LANGINFO_H 1
#define HAVE_PWD_H 1
#define HAVE_UNISTD_H 1
#define HAVE_SYS_SELECT_H 1
#define HAVE_SYS_SOCKET_H 1
#define HAVE_SYS_STAT_H 1
#define HAVE_SYS_TIME_H 1
#define HAVE_SYS_TIMES_H 1
#define HAVE_SYS_TYPES_H 1
#define HAVE_SYS_UN_H 1
#define HAVE_SYS_WAIT_H 1
#define HAVE_NETDB_H 1
#define HAVE_ARPA_INET_H 1
#define HAVE_NETINET_TCP_H 1
#define HAVE_NETINET_IN_SYSTM_H 1
#define HAVE_NET_IF_H 1
#define HAVE_NETINET_IN_H 1
#define HAVE_NETINET_IF_ETHER_H 1
#define STDC_HEADERS 1
#define HAVE_LONG_LONG 1
#define HAVE_READLINE_READLINE_H 1
#define HAVE_READLINE_HISTORY_H 1
#define HAVE_READLINE_COMPLETION_OVER 1
#define HAVE_READLINE_RL_COMPLETION_MATCHES 1
#define HAVE_ICONV_H 1
#define HAVE_GETADDRINFO 1
#define HAVE_VSNPRINTF 1
#define HAVE_GETTIMEOFDAY 1
#define HAVE_POLL 1
#define HAVE_STRERROR_R 1
#define HAVE_LOCALTIME_R 1
#define HAVE_USLEEP 1
#define YAZ_SOCKLEN_T socklen_t
#define YAZ_POSIX_THREADS 1
#define YAZ_HAVE_XML2 1
#define YAZ_HAVE_XSLT 1
#define HAVE_XSLTSAVERESULTTOSTRING 1

configure: exit 0
